<?xml version="1.0" encoding="utf-8"?><testsuites name="pytest tests"><testsuite name="pytest" errors="0" failures="0" skipped="0" tests="17" time="4.608" timestamp="2026-04-09T13:34:06.617082+00:00" hostname="agent-env-43cc635e-1ad9-495e-87cf-b0ef1bb98f98"><testcase classname="backend.tests.test_reviews_cms.TestReviewsCMS" name="test_create_review_requires_auth" time="0.130" /><testcase classname="backend.tests.test_reviews_cms.TestReviewsCMS" name="test_create_review_validates_required_fields" time="0.690" /><testcase classname="backend.tests.test_reviews_cms.TestReviewsCMS" name="test_create_review_validates_rating_range" time="0.329" /><testcase classname="backend.tests.test_reviews_cms.TestReviewsCMS" name="test_create_review_validates_seller_exists" time="0.133" /><testcase classname="backend.tests.test_reviews_cms.TestReviewsCMS" name="test_create_review_success" time="0.110" /><testcase classname="backend.tests.test_reviews_cms.TestReviewsCMS" name="test_get_reviews_requires_auth" time="0.115" /><testcase classname="backend.tests.test_reviews_cms.TestReviewsCMS" name="test_get_reviews_returns_all" time="0.105" /><testcase classname="backend.tests.test_reviews_cms.TestReviewsCMS" name="test_get_reviews_filter_by_seller" time="0.121" /><testcase classname="backend.tests.test_reviews_cms.TestReviewsCMS" name="test_delete_review_requires_auth" time="0.120" /><testcase classname="backend.tests.test_reviews_cms.TestReviewsCMS" name="test_delete_review_not_found" time="0.138" /><testcase classname="backend.tests.test_reviews_cms.TestReviewsCMS" name="test_delete_review_success" time="0.316" /><testcase classname="backend.tests.test_reviews_cms.TestSupplierProfileReviews" name="test_supplier_profile_has_review_stats" time="0.105" /><testcase classname="backend.tests.test_reviews_cms.TestSupplierProfileReviews" name="test_supplier_profile_has_reviews_array" time="0.122" /><testcase classname="backend.tests.test_reviews_cms.TestSupplierProfileReviews" name="test_review_stats_computed_from_real_data" time="0.655" /><testcase classname="backend.tests.test_reviews_cms.TestSellerAdditionalFields" name="test_update_seller_with_additional_fields" time="0.647" /><testcase classname="backend.tests.test_reviews_cms.TestSellerAdditionalFields" name="test_seller_model_includes_additional_fields" time="0.101" /><testcase classname="backend.tests.test_reviews_cms.TestCleanup" name="test_cleanup_test_reviews" time="0.587" /></testsuite></testsuites>