<?xml version="1.0" encoding="utf-8"?><testsuites name="pytest tests"><testsuite name="pytest" errors="0" failures="0" skipped="3" tests="11" time="6.196" timestamp="2026-05-12T11:01:15.820019+00:00" hostname="agent-env-43cc635e-1ad9-495e-87cf-b0ef1bb98f98"><testcase classname="backend.tests.test_vendor_invoice_payout_v58.TestVendorInvoicePayoutFlow" name="test_vendor_list_my_payouts" time="0.561" /><testcase classname="backend.tests.test_vendor_invoice_payout_v58.TestVendorInvoicePayoutFlow" name="test_vendor_upload_invoice_success" time="0.430" /><testcase classname="backend.tests.test_vendor_invoice_payout_v58.TestVendorInvoicePayoutFlow" name="test_second_upload_fails_when_already_uploaded" time="0.465" /><testcase classname="backend.tests.test_vendor_invoice_payout_v58.TestVendorInvoicePayoutFlow" name="test_cross_vendor_upload_returns_403" time="0.740" /><testcase classname="backend.tests.test_vendor_invoice_payout_v58.TestVendorInvoicePayoutFlow" name="test_mark_paid_fails_without_invoice" time="0.436" /><testcase classname="backend.tests.test_vendor_invoice_payout_v58.TestVendorInvoicePayoutFlow" name="test_mark_paid_succeeds_with_invoice" time="0.817" /><testcase classname="backend.tests.test_vendor_invoice_payout_v58.TestVendorInvoicePayoutFlow" name="test_reject_invoice_requires_reason" time="0.670"><skipped type="pytest.skip" message="No payout with uploaded invoice found for rejection test">/app/backend/tests/test_vendor_invoice_payout_v58.py:391: No payout with uploaded invoice found for rejection test</skipped></testcase><testcase classname="backend.tests.test_vendor_invoice_payout_v58.TestVendorInvoicePayoutFlow" name="test_reject_invoice_success" time="0.667"><skipped type="pytest.skip" message="No payout with uploaded invoice found for rejection test">/app/backend/tests/test_vendor_invoice_payout_v58.py:425: No payout with uploaded invoice found for rejection test</skipped></testcase><testcase classname="backend.tests.test_vendor_invoice_payout_v58.TestVendorInvoicePayoutFlow" name="test_reupload_after_rejection" time="0.380"><skipped type="pytest.skip" message="No rejected payout found - run reject test first">/app/backend/tests/test_vendor_invoice_payout_v58.py:470: No rejected payout found - run reject test first</skipped></testcase><testcase classname="backend.tests.test_vendor_invoice_payout_v58.TestVendorInvoicePayoutFlow" name="test_reject_fails_without_uploaded_invoice" time="0.492" /><testcase classname="backend.tests.test_vendor_invoice_payout_v58.TestVendorInvoicePayoutFlow" name="test_reject_fails_if_payout_paid" time="0.455" /></testsuite></testsuites>