<?xml version="1.0" encoding="utf-8"?><testsuites name="pytest tests"><testsuite name="pytest" errors="0" failures="0" skipped="1" tests="10" time="6.536" timestamp="2026-04-24T11:32:56.354407+00:00" hostname="agent-env-43cc635e-1ad9-495e-87cf-b0ef1bb98f98"><testcase classname="backend.tests.test_factory_enterprise_v1.TestFactoryEnterpriseV1" name="test_create_factory_without_parent_brand_id_returns_400" time="0.552" /><testcase classname="backend.tests.test_factory_enterprise_v1.TestFactoryEnterpriseV1" name="test_create_factory_with_valid_parent_brand_id_succeeds" time="1.062" /><testcase classname="backend.tests.test_factory_enterprise_v1.TestFactoryEnterpriseV1" name="test_create_brand_without_type_defaults_to_brand" time="0.768" /><testcase classname="backend.tests.test_factory_enterprise_v1.TestFactoryEnterpriseV1" name="test_list_brands_returns_type_and_parent_brand_name" time="0.390" /><testcase classname="backend.tests.test_factory_enterprise_v1.TestFactoryEnterpriseV1" name="test_create_brand_with_invalid_type_returns_400" time="0.400" /><testcase classname="backend.tests.test_factory_enterprise_v1.TestFactoryEnterpriseV1" name="test_upload_attachment_with_brand_token" time="0.741"><skipped type="pytest.skip" message="Cloudinary upload failed - may be config issue">/app/backend/tests/test_factory_enterprise_v1.py:267: Cloudinary upload failed - may be config issue</skipped></testcase><testcase classname="backend.tests.test_factory_enterprise_v1.TestFactoryEnterpriseV1" name="test_upload_attachment_with_admin_token_fails" time="0.496" /><testcase classname="backend.tests.test_factory_enterprise_v1.TestFactoryEnterpriseV1" name="test_factory_order_with_po_techpack_matrix" time="1.216" /><testcase classname="backend.tests.test_factory_enterprise_v1.TestFactoryEnterpriseV1" name="test_brand_order_persists_enterprise_type_brand" time="0.412" /><testcase classname="backend.tests.test_factory_enterprise_v1.TestFactoryEnterpriseV1" name="test_create_factory_with_invalid_parent_brand_id_returns_400" time="0.411" /></testsuite></testsuites>