<?xml version="1.0" encoding="utf-8"?><testsuites name="pytest tests"><testsuite name="pytest" errors="0" failures="0" skipped="0" tests="30" time="8.558" timestamp="2026-04-23T10:22:30.637273+00:00" hostname="agent-env-43cc635e-1ad9-495e-87cf-b0ef1bb98f98"><testcase classname="backend.tests.test_brand_portal.TestAdminBrandCRUD" name="test_list_brands" time="0.586" /><testcase classname="backend.tests.test_brand_portal.TestAdminBrandCRUD" name="test_get_brand_detail" time="0.113" /><testcase classname="backend.tests.test_brand_portal.TestAdminBrandCRUD" name="test_create_brand_requires_admin_auth" time="0.104" /><testcase classname="backend.tests.test_brand_portal.TestAdminBrandCRUD" name="test_create_brand_success" time="0.516" /><testcase classname="backend.tests.test_brand_portal.TestAdminBrandCRUD" name="test_update_brand" time="0.156" /><testcase classname="backend.tests.test_brand_portal.TestAdminBrandCRUD" name="test_update_brand_allowed_categories" time="0.120" /><testcase classname="backend.tests.test_brand_portal.TestBrandUserManagement" name="test_admin_add_brand_user" time="0.445" /><testcase classname="backend.tests.test_brand_portal.TestBrandUserManagement" name="test_admin_suspend_brand_user" time="0.470" /><testcase classname="backend.tests.test_brand_portal.TestBrandAuth" name="test_brand_login_success" time="0.326" /><testcase classname="backend.tests.test_brand_portal.TestBrandAuth" name="test_brand_login_invalid_password" time="0.371" /><testcase classname="backend.tests.test_brand_portal.TestBrandAuth" name="test_brand_me" time="0.450" /><testcase classname="backend.tests.test_brand_portal.TestFilteredCatalog" name="test_brand_fabrics_returns_allowed_categories_only" time="0.145" /><testcase classname="backend.tests.test_brand_portal.TestFilteredCatalog" name="test_brand_fabric_detail_allowed" time="0.259" /><testcase classname="backend.tests.test_brand_portal.TestCreditLineOTP" name="test_request_otp_requires_valid_lender" time="0.109" /><testcase classname="backend.tests.test_brand_portal.TestCreditLineOTP" name="test_request_otp_requires_positive_amount" time="0.106" /><testcase classname="backend.tests.test_brand_portal.TestCreditLineOTP" name="test_request_otp_success" time="0.521" /><testcase classname="backend.tests.test_brand_portal.TestCreditLineOTP" name="test_create_credit_line_invalid_otp" time="0.102" /><testcase classname="backend.tests.test_brand_portal.TestCreditSummaryAndLedger" name="test_brand_credit_summary" time="0.110" /><testcase classname="backend.tests.test_brand_portal.TestCreditSummaryAndLedger" name="test_brand_ledger" time="0.124" /><testcase classname="backend.tests.test_brand_portal.TestCreditSummaryAndLedger" name="test_admin_list_credit_lines" time="0.104" /><testcase classname="backend.tests.test_brand_portal.TestCreditSummaryAndLedger" name="test_admin_list_ledger" time="0.115" /><testcase classname="backend.tests.test_brand_portal.TestSampleCredits" name="test_admin_adjust_sample_credits_add" time="0.211" /><testcase classname="backend.tests.test_brand_portal.TestSampleCredits" name="test_admin_adjust_sample_credits_cannot_reduce_below_used" time="0.208" /><testcase classname="backend.tests.test_brand_portal.TestBrandOrders" name="test_brand_orders_list" time="0.105" /><testcase classname="backend.tests.test_brand_portal.TestBrandOrders" name="test_brand_order_insufficient_credit" time="0.249" /><testcase classname="backend.tests.test_brand_portal.TestBrandOrders" name="test_brand_order_disallowed_category" time="0.211" /><testcase classname="backend.tests.test_brand_portal.TestRazorpayTopup" name="test_topup_create_order_min_amount" time="0.106" /><testcase classname="backend.tests.test_brand_portal.TestRazorpayTopup" name="test_topup_create_order_success" time="0.992" /><testcase classname="backend.tests.test_brand_portal.TestRazorpayTopup" name="test_topup_verify_invalid_signature" time="0.124" /><testcase classname="backend.tests.test_brand_portal.TestRoleBasedAccess" name="test_brand_user_cannot_add_users" time="0.893" /></testsuite></testsuites>