<?xml version="1.0" encoding="utf-8"?><testsuites name="pytest tests"><testsuite name="pytest" errors="0" failures="0" skipped="0" tests="11" time="8.608" timestamp="2026-05-12T11:30:15.970949+00:00" hostname="agent-env-43cc635e-1ad9-495e-87cf-b0ef1bb98f98"><testcase classname="backend.tests.test_ship_to_pos_v60.TestShipToModel" name="test_order_create_with_ship_to_credit_path" time="0.531" /><testcase classname="backend.tests.test_ship_to_pos_v60.TestShipToModel" name="test_order_create_without_ship_to" time="0.531" /><testcase classname="backend.tests.test_ship_to_pos_v60.TestPOSResolver" name="test_pos_from_ship_to_gst_number" time="0.539" /><testcase classname="backend.tests.test_ship_to_pos_v60.TestPOSResolver" name="test_intra_state_cgst_sgst" time="0.497" /><testcase classname="backend.tests.test_ship_to_pos_v60.TestPOSResolver" name="test_inter_state_igst" time="0.461" /><testcase classname="backend.tests.test_ship_to_pos_v60.TestGSTVerifyEndpoint" name="test_gst_verify_valid_gstin" time="1.510" /><testcase classname="backend.tests.test_ship_to_pos_v60.TestGSTVerifyEndpoint" name="test_gst_verify_invalid_gstin" time="1.435" /><testcase classname="backend.tests.test_ship_to_pos_v60.TestGSTVerifyEndpoint" name="test_gst_verify_returns_address_fields" time="1.482" /><testcase classname="backend.tests.test_ship_to_pos_v60.TestInvoicePDFGeneration" name="test_invoice_has_ship_to_block" time="0.530" /><testcase classname="backend.tests.test_ship_to_pos_v60.TestInvoicePDFGeneration" name="test_invoice_without_ship_to" time="0.511" /><testcase classname="backend.tests.test_ship_to_pos_v60.TestOrderGetWithShipTo" name="test_get_order_includes_ship_to" time="0.507" /></testsuite></testsuites>