<?xml version="1.0" encoding="utf-8"?><testsuites name="pytest tests"><testsuite name="pytest" errors="0" failures="0" skipped="0" tests="10" time="11.508" timestamp="2026-05-19T05:44:35.427151+00:00" hostname="agent-env-43cc635e-1ad9-495e-87cf-b0ef1bb98f98"><testcase classname="backend.tests.test_provisional_invoice_payout.TestVendorInvoiceRequirement" name="test_vendor_mark_ready_without_invoice_fails" time="0.983" /><testcase classname="backend.tests.test_provisional_invoice_payout.TestVendorInvoiceRequirement" name="test_vendor_mark_ready_missing_invoice_number_fails" time="0.103" /><testcase classname="backend.tests.test_provisional_invoice_payout.TestVendorInvoiceRequirement" name="test_vendor_mark_ready_missing_invoice_date_fails" time="0.110" /><testcase classname="backend.tests.test_provisional_invoice_payout.TestVendorInvoiceRequirement" name="test_vendor_mark_ready_missing_url_fails" time="0.165" /><testcase classname="backend.tests.test_provisional_invoice_payout.TestAdminOverridePath" name="test_admin_can_mark_ready_without_invoice" time="1.137" /><testcase classname="backend.tests.test_provisional_invoice_payout.TestVendorInvoicePersistence" name="test_vendor_invoice_persisted_on_order" time="0.719" /><testcase classname="backend.tests.test_provisional_invoice_payout.TestPayoutActualQuantity" name="test_payout_uses_actual_quantity" time="3.475" /><testcase classname="backend.tests.test_provisional_invoice_payout.TestPayoutVendorInvoiceFields" name="test_payout_carries_vendor_invoice_fields" time="2.804" /><testcase classname="backend.tests.test_provisional_invoice_payout.TestNonProvisionalFallback" name="test_non_provisional_uses_ordered_quantity" time="0.889" /><testcase classname="backend.tests.test_provisional_invoice_payout.TestLegacyInvoiceUpload" name="test_legacy_invoice_upload_still_works" time="1.037" /></testsuite></testsuites>