<?xml version="1.0" encoding="utf-8"?><testsuites name="pytest tests"><testsuite name="pytest" errors="0" failures="0" skipped="0" tests="22" time="5.123" timestamp="2026-04-17T12:24:04.474595+00:00" hostname="agent-env-43cc635e-1ad9-495e-87cf-b0ef1bb98f98"><testcase classname="tests.test_refactored_routers.TestCategoryRouter" name="test_get_categories_returns_list" time="0.263" /><testcase classname="tests.test_refactored_routers.TestCategoryRouter" name="test_get_categories_has_required_fields" time="0.113" /><testcase classname="tests.test_refactored_routers.TestCategoryRouter" name="test_create_category_requires_auth" time="0.109" /><testcase classname="tests.test_refactored_routers.TestCategoryRouter" name="test_create_update_delete_category" time="0.900" /><testcase classname="tests.test_refactored_routers.TestSellerRouter" name="test_get_sellers_returns_list" time="0.108" /><testcase classname="tests.test_refactored_routers.TestSellerRouter" name="test_get_sellers_has_category_names" time="0.107" /><testcase classname="tests.test_refactored_routers.TestSellerRouter" name="test_get_seller_by_id" time="0.223" /><testcase classname="tests.test_refactored_routers.TestSellerRouter" name="test_create_seller_requires_auth" time="0.129" /><testcase classname="tests.test_refactored_routers.TestSellerRouter" name="test_create_update_seller" time="0.335" /><testcase classname="tests.test_refactored_routers.TestCollectionCRUD" name="test_create_update_delete_collection" time="0.547" /><testcase classname="tests.test_refactored_routers.TestCollectionRouter" name="test_get_collections_returns_list" time="0.109" /><testcase classname="tests.test_refactored_routers.TestCollectionRouter" name="test_get_featured_collections" time="0.102" /><testcase classname="tests.test_refactored_routers.TestCollectionRouter" name="test_get_collection_by_id" time="0.224" /><testcase classname="tests.test_refactored_routers.TestCollectionRouter" name="test_get_collection_fabrics" time="0.230" /><testcase classname="tests.test_refactored_routers.TestCollectionRouter" name="test_create_collection_requires_auth" time="0.103" /><testcase classname="tests.test_refactored_routers.TestRegressionFabrics" name="test_get_fabrics_returns_list_with_slugs" time="0.103" /><testcase classname="tests.test_refactored_routers.TestRegressionFabrics" name="test_get_fabric_by_slug" time="0.219" /><testcase classname="tests.test_refactored_routers.TestRegressionCommission" name="test_get_commission_rules" time="0.108" /><testcase classname="tests.test_refactored_routers.TestRegressionAuth" name="test_admin_login_works" time="0.354" /><testcase classname="tests.test_refactored_routers.TestRegressionAuth" name="test_agent_otp_send_endpoint" time="0.387" /><testcase classname="tests.test_refactored_routers.TestRegressionFabricCMS" name="test_get_fabrics_filter_options" time="0.151" /><testcase classname="tests.test_refactored_routers.TestRegressionFabricCMS" name="test_get_fabrics_count" time="0.111" /></testsuite></testsuites>