<?xml version="1.0" encoding="utf-8"?><testsuites name="pytest tests"><testsuite name="pytest" errors="0" failures="0" skipped="0" tests="22" time="5.140" timestamp="2026-05-07T09:35:43.492867+00:00" hostname="agent-env-43cc635e-1ad9-495e-87cf-b0ef1bb98f98"><testcase classname="backend.tests.test_phase46_features.TestEmailAuditLog" name="test_admin_email_logs_requires_auth" time="0.149" /><testcase classname="backend.tests.test_phase46_features.TestEmailAuditLog" name="test_admin_email_logs_list" time="0.461" /><testcase classname="backend.tests.test_phase46_features.TestEmailAuditLog" name="test_admin_email_logs_with_filters" time="0.326" /><testcase classname="backend.tests.test_phase46_features.TestEmailAuditLog" name="test_admin_email_log_detail_not_found" time="0.121" /><testcase classname="backend.tests.test_phase46_features.TestUnifiedAccount" name="test_brand_profile_update_requires_admin_role" time="0.459" /><testcase classname="backend.tests.test_phase46_features.TestUnifiedAccount" name="test_brand_profile_update_name" time="0.214" /><testcase classname="backend.tests.test_phase46_features.TestUnifiedAccount" name="test_brand_profile_gst_validation" time="0.229" /><testcase classname="backend.tests.test_phase46_features.TestUnifiedAccount" name="test_brand_ledger_returns_entries" time="0.100" /><testcase classname="backend.tests.test_phase46_features.TestUnifiedAccount" name="test_brand_ledger_order_enrichment" time="0.101" /><testcase classname="backend.tests.test_phase46_features.TestUnifiedAccount" name="test_brand_addresses_endpoint" time="0.133" /><testcase classname="backend.tests.test_phase46_features.TestUnifiedAccount" name="test_brand_orders_endpoint" time="0.105" /><testcase classname="backend.tests.test_phase46_features.TestEnterpriseRFQPortal" name="test_rfq_submit_with_brand_token" time="0.478" /><testcase classname="backend.tests.test_phase46_features.TestEnterpriseRFQPortal" name="test_brand_queries_list_not_received" time="0.107" /><testcase classname="backend.tests.test_phase46_features.TestEnterpriseRFQPortal" name="test_brand_queries_list_received" time="0.111" /><testcase classname="backend.tests.test_phase46_features.TestEnterpriseRFQPortal" name="test_brand_queries_list_closed" time="0.099" /><testcase classname="backend.tests.test_phase46_features.TestEnterpriseRFQPortal" name="test_brand_query_detail" time="0.107" /><testcase classname="backend.tests.test_phase46_features.TestEnterpriseRFQPortal" name="test_brand_query_detail_404_for_other_brand" time="0.096" /><testcase classname="backend.tests.test_phase46_features.TestEnterpriseRFQPortal" name="test_brand_queries_requires_auth" time="0.103" /><testcase classname="backend.tests.test_phase46_features.TestBrandOrderEmailAudit" name="test_brand_order_emails_endpoint" time="0.556" /><testcase classname="backend.tests.test_phase46_features.TestBrandOrderEmailAudit" name="test_brand_order_emails_404_for_other_order" time="0.105" /><testcase classname="backend.tests.test_phase46_features.TestBrandMeEndpoint" name="test_brand_me_returns_user_and_brand" time="0.425" /><testcase classname="backend.tests.test_phase46_features.TestCreditSummary" name="test_brand_credit_summary" time="0.469" /></testsuite></testsuites>