<?xml version="1.0" encoding="utf-8"?><testsuites name="pytest tests"><testsuite name="pytest" errors="0" failures="1" skipped="1" tests="19" time="2.184" timestamp="2026-05-19T08:12:01.959166+00:00" hostname="agent-env-43cc635e-1ad9-495e-87cf-b0ef1bb98f98"><testcase classname="tests.test_variance_pct_v73.TestVariancePctDefault" name="test_variance_pct_default_is_3" time="0.001" /><testcase classname="tests.test_variance_pct_v73.TestWithinVarianceFunction" name="test_within_variance_default_pct" time="0.000" /><testcase classname="tests.test_variance_pct_v73.TestWithinVarianceFunction" name="test_within_variance_custom_pct" time="0.000" /><testcase classname="tests.test_variance_pct_v73.TestWithinVarianceFunction" name="test_within_variance_zero_ordered" time="0.000" /><testcase classname="tests.test_variance_pct_v73.TestResolveCategoryVariance" name="test_resolve_category_variance_with_override" time="0.077" /><testcase classname="tests.test_variance_pct_v73.TestResolveCategoryVariance" name="test_resolve_category_variance_no_override" time="0.003" /><testcase classname="tests.test_variance_pct_v73.TestResolveCategoryVariance" name="test_resolve_category_variance_null_category_id" time="0.001" /><testcase classname="tests.test_variance_pct_v73.TestResolveCategoryVariance" name="test_resolve_category_variance_nonexistent_category" time="0.003" /><testcase classname="tests.test_variance_pct_v73.TestCategoryVariancePctEndpoints" name="test_get_categories_returns_variance_pct" time="0.475" /><testcase classname="tests.test_variance_pct_v73.TestCategoryVariancePctEndpoints" name="test_put_category_update_variance_pct" time="0.222" /><testcase classname="tests.test_variance_pct_v73.TestCategoryVariancePctEndpoints" name="test_put_category_set_variance_pct_to_zero" time="0.232" /><testcase classname="tests.test_variance_pct_v73.TestCategoryVariancePctEndpoints" name="test_post_category_with_variance_pct" time="0.317" /><testcase classname="tests.test_variance_pct_v73.TestMarkGoodsReadyVariance" name="test_mark_goods_ready_error_includes_category_band" time="0.105"><skipped type="pytest.skip" message="Vendor login failed: 404 - {&quot;detail&quot;:&quot;Not Found&quot;}">/app/backend/tests/test_variance_pct_v73.py:305: Vendor login failed: 404 - {"detail":"Not Found"}</skipped></testcase><testcase classname="tests.test_variance_pct_v73.TestVarianceEdgeCases" name="test_cotton_category_5pct_variance" time="0.000" /><testcase classname="tests.test_variance_pct_v73.TestVarianceEdgeCases" name="test_default_3pct_variance" time="0.000" /><testcase classname="tests.test_variance_pct_v73.TestVarianceEdgeCases" name="test_variance_boundary_precision" time="0.000" /><testcase classname="tests.test_variance_pct_v73.TestBackwardsCompatibility" name="test_nonprovisional_orders_use_variance_check" time="0.452" /><testcase classname="tests.test_variance_pct_v73.TestCategoryVariancePctPersistence" name="test_variance_pct_persisted_in_db" time="0.003" /><testcase classname="tests.test_variance_pct_v73.TestCategoryCreateVariancePctBug" name="test_create_category_stores_variance_pct" time="0.213"><failure message="Failed: variance_pct not stored on create. Expected 6.5, got None">tests/test_variance_pct_v73.py:561: in test_create_category_stores_variance_pct
    pytest.fail(f"variance_pct not stored on create. Expected 6.5, got {cat_in_db.get('variance_pct')}")
E   Failed: variance_pct not stored on create. Expected 6.5, got None</failure></testcase></testsuite></testsuites>