<?xml version="1.0" encoding="utf-8"?><testsuites name="pytest tests"><testsuite name="pytest" errors="0" failures="0" skipped="0" tests="23" time="14.866" timestamp="2026-05-05T12:53:17.660614+00:00" hostname="agent-env-43cc635e-1ad9-495e-87cf-b0ef1bb98f98"><testcase classname="tests.test_shiprocket_webhooks.TestShiprocketWebhookEndpoints" name="test_webhook_events_endpoint_returns_200" time="0.477" /><testcase classname="tests.test_shiprocket_webhooks.TestShiprocketWebhookEndpoints" name="test_tracking_webhook_accepts_valid_payload" time="0.367" /><testcase classname="tests.test_shiprocket_webhooks.TestShiprocketWebhookEndpoints" name="test_order_status_webhook_accepts_valid_payload" time="0.212" /><testcase classname="tests.test_shiprocket_webhooks.TestWebhookStatusMapping" name="test_in_transit_maps_to_shipped" time="0.741" /><testcase classname="tests.test_shiprocket_webhooks.TestWebhookStatusMapping" name="test_pickup_scheduled_maps_to_processing" time="0.676" /><testcase classname="tests.test_shiprocket_webhooks.TestWebhookStatusMapping" name="test_picked_up_maps_to_shipped" time="0.737" /><testcase classname="tests.test_shiprocket_webhooks.TestWebhookStatusMapping" name="test_out_for_delivery_maps_to_shipped" time="0.672" /><testcase classname="tests.test_shiprocket_webhooks.TestWebhookStatusMapping" name="test_delivered_maps_to_delivered" time="0.738" /><testcase classname="tests.test_shiprocket_webhooks.TestWebhookStatusMapping" name="test_rto_initiated_maps_to_cancelled" time="0.739" /><testcase classname="tests.test_shiprocket_webhooks.TestWebhookRegressionGuard" name="test_delivered_order_does_not_regress_to_shipped" time="0.752" /><testcase classname="tests.test_shiprocket_webhooks.TestWebhookRegressionGuard" name="test_delivered_order_does_not_regress_to_processing" time="0.724" /><testcase classname="tests.test_shiprocket_webhooks.TestWebhookAuditLogging" name="test_webhook_creates_audit_entry" time="0.719" /><testcase classname="tests.test_shiprocket_webhooks.TestWebhookAuditLogging" name="test_multiple_webhooks_create_multiple_audit_entries" time="2.030" /><testcase classname="tests.test_shiprocket_webhooks.TestWebhookMalformedPayloads" name="test_missing_awb_returns_200_with_success_false" time="0.203" /><testcase classname="tests.test_shiprocket_webhooks.TestWebhookMalformedPayloads" name="test_missing_status_returns_200" time="0.212" /><testcase classname="tests.test_shiprocket_webhooks.TestWebhookMalformedPayloads" name="test_empty_payload_returns_200" time="0.205" /><testcase classname="tests.test_shiprocket_webhooks.TestWebhookMalformedPayloads" name="test_unknown_awb_returns_200_no_crash" time="0.503" /><testcase classname="tests.test_shiprocket_webhooks.TestExistingEndpointRegression" name="test_customer_orders_list_endpoint" time="0.834" /><testcase classname="tests.test_shiprocket_webhooks.TestExistingEndpointRegression" name="test_customer_order_detail_endpoint" time="0.750" /><testcase classname="tests.test_shiprocket_webhooks.TestExistingEndpointRegression" name="test_customer_order_pay_context_endpoint" time="0.764" /><testcase classname="tests.test_shiprocket_webhooks.TestExistingEndpointRegression" name="test_customer_profile_endpoint" time="0.846" /><testcase classname="tests.test_shiprocket_webhooks.TestExistingEndpointRegression" name="test_admin_brands_endpoint" time="0.628" /><testcase classname="tests.test_shiprocket_webhooks.TestShiprocketOrdersListEndpoint" name="test_shiprocket_orders_list_no_python_exception" time="0.183" /></testsuite></testsuites>