<?xml version="1.0" encoding="utf-8"?><testsuites name="pytest tests"><testsuite name="pytest" errors="0" failures="0" skipped="1" tests="9" time="3.596" timestamp="2026-05-14T11:37:16.338148+00:00" hostname="agent-env-43cc635e-1ad9-495e-87cf-b0ef1bb98f98"><testcase classname="backend.tests.test_rfq_order_conversion_v63.TestRFQOrderConversionMath" name="test_small_qty_rfq_order_conversion" time="0.147"><skipped type="pytest.skip" message="Could not get admin token">/app/backend/tests/test_rfq_order_conversion_v63.py:97: Could not get admin token</skipped></testcase><testcase classname="backend.tests.test_rfq_order_conversion_v63.TestRFQOrderConversionMath" name="test_large_qty_rfq_order_conversion" time="0.611" /><testcase classname="backend.tests.test_rfq_order_conversion_v63.TestStandardCheckoutRegression" name="test_standard_checkout_order_with_packaging_logistics" time="0.598" /><testcase classname="backend.tests.test_rfq_order_conversion_v63.TestStandardCheckoutRegression" name="test_sample_order_still_works" time="0.603" /><testcase classname="backend.tests.test_rfq_order_conversion_v63.TestPlaceOrderFromQuoteEndpoint" name="test_full_rfq_to_order_flow" time="0.619" /><testcase classname="backend.tests.test_rfq_order_conversion_v63.TestOrderDocumentFields" name="test_order_has_packaging_logistics_fields" time="0.605" /><testcase classname="backend.tests.test_rfq_order_conversion_v63.TestHealthCheck" name="test_api_health" time="0.109" /><testcase classname="backend.tests.test_rfq_order_conversion_v63.TestHealthCheck" name="test_orders_endpoint" time="0.129" /><testcase classname="backend.tests.test_rfq_order_conversion_v63.TestHealthCheck" name="test_rfq_endpoint" time="0.118" /></testsuite></testsuites>