<?xml version="1.0" encoding="utf-8"?><testsuites name="pytest tests"><testsuite name="pytest" errors="0" failures="0" skipped="0" tests="16" time="4.225" timestamp="2026-04-01T10:52:43.462972+00:00" hostname="agent-env-bb15b51e-920d-4091-839f-f88b3447b882"><testcase classname="backend.tests.test_vendor_approval.TestFabricsEndpoint" name="test_get_fabrics_returns_200" time="0.103" /><testcase classname="backend.tests.test_vendor_approval.TestFabricsEndpoint" name="test_get_fabrics_filters_pending_by_default" time="0.093" /><testcase classname="backend.tests.test_vendor_approval.TestFabricsEndpoint" name="test_get_fabrics_with_include_pending" time="0.104" /><testcase classname="backend.tests.test_vendor_approval.TestFabricsEndpoint" name="test_get_fabrics_with_status_filter" time="0.097" /><testcase classname="backend.tests.test_vendor_approval.TestFabricsEndpoint" name="test_get_fabrics_count" time="0.114" /><testcase classname="backend.tests.test_vendor_approval.TestSellersEndpoint" name="test_get_sellers_returns_200" time="0.100" /><testcase classname="backend.tests.test_vendor_approval.TestSellersEndpoint" name="test_get_sellers_with_include_inactive" time="0.098" /><testcase classname="backend.tests.test_vendor_approval.TestAdminAuth" name="test_admin_login" time="0.328" /><testcase classname="backend.tests.test_vendor_approval.TestVendorAuth" name="test_vendor_login" time="0.322" /><testcase classname="backend.tests.test_vendor_approval.TestAdminApprovalWorkflow" name="test_approve_fabric" time="0.639" /><testcase classname="backend.tests.test_vendor_approval.TestAdminApprovalWorkflow" name="test_reject_fabric" time="0.625" /><testcase classname="backend.tests.test_vendor_approval.TestAdminApprovalWorkflow" name="test_approve_requires_auth" time="0.209" /><testcase classname="backend.tests.test_vendor_approval.TestVendorFabricCreation" name="test_vendor_fabric_creation_has_pending_status" time="0.614" /><testcase classname="backend.tests.test_vendor_approval.TestSellerCreation" name="test_create_seller" time="0.505" /><testcase classname="backend.tests.test_vendor_approval.TestFabricResponseModel" name="test_fabric_has_status_field" time="0.109" /><testcase classname="backend.tests.test_vendor_approval.TestFabricResponseModel" name="test_fabric_has_required_fields" time="0.105" /></testsuite></testsuites>