<?xml version="1.0" encoding="utf-8"?><testsuites name="pytest tests"><testsuite name="pytest" errors="0" failures="0" skipped="1" tests="12" time="4.418" timestamp="2026-05-21T06:21:56.597839+00:00" hostname="agent-env-43cc635e-1ad9-495e-87cf-b0ef1bb98f98"><testcase classname="tests.test_order_pipeline_v75.TestAdminAuth" name="test_admin_login" time="0.512" /><testcase classname="tests.test_order_pipeline_v75.TestVendorAuth" name="test_vendor_login_primary" time="0.376" /><testcase classname="tests.test_order_pipeline_v75.TestVendorAuth" name="test_vendor_login_backup" time="0.324" /><testcase classname="tests.test_order_pipeline_v75.TestPipelineStageOnOrders" name="test_list_orders_returns_pipeline_stage" time="0.408" /><testcase classname="tests.test_order_pipeline_v75.TestPipelineStageOnOrders" name="test_get_order_returns_pipeline_stage" time="0.451" /><testcase classname="tests.test_order_pipeline_v75.TestPipelineStageOnOrders" name="test_filter_orders_by_pipeline_stage_cancelled" time="0.378" /><testcase classname="tests.test_order_pipeline_v75.TestMarkGoodsReadyWithoutInvoice" name="test_mark_goods_ready_without_invoice_succeeds" time="0.469" /><testcase classname="tests.test_order_pipeline_v75.TestVendorUploadInvoiceEndpoint" name="test_vendor_upload_invoice_requires_auth" time="0.108" /><testcase classname="tests.test_order_pipeline_v75.TestVendorUploadInvoiceEndpoint" name="test_vendor_upload_invoice_wrong_stage" time="0.439" /><testcase classname="tests.test_order_pipeline_v75.TestVendorUploadInvoiceEndpoint" name="test_vendor_upload_invoice_requires_fields" time="0.383"><skipped type="pytest.skip" message="No orders in prepare_dispatch stage found">/app/backend/tests/test_order_pipeline_v75.py:262: No orders in prepare_dispatch stage found</skipped></testcase><testcase classname="tests.test_order_pipeline_v75.TestVendorOrdersWithGSTIN" name="test_vendor_orders_include_customer_gstin" time="0.393" /><testcase classname="tests.test_order_pipeline_v75.TestCustomerOrdersWithPipelineStage" name="test_customer_orders_endpoint_exists" time="0.101" /></testsuite></testsuites>