<?xml version="1.0" encoding="utf-8"?><testsuites name="pytest tests"><testsuite name="pytest" errors="0" failures="0" skipped="0" tests="36" time="7.703" timestamp="2026-04-25T06:43:56.543265+00:00" hostname="agent-env-43cc635e-1ad9-495e-87cf-b0ef1bb98f98"><testcase classname="tests.test_regression_v37.TestVendorModule" name="test_vendor_login_returns_token_and_info" time="0.513" /><testcase classname="tests.test_regression_v37.TestVendorModule" name="test_vendor_login_invalid_credentials" time="0.324" /><testcase classname="tests.test_regression_v37.TestVendorModule" name="test_vendor_stats" time="0.491" /><testcase classname="tests.test_regression_v37.TestVendorModule" name="test_vendor_fabrics_list" time="0.104" /><testcase classname="tests.test_regression_v37.TestVendorModule" name="test_vendor_create_fabric" time="0.109" /><testcase classname="tests.test_regression_v37.TestVendorModule" name="test_vendor_update_fabric" time="0.382" /><testcase classname="tests.test_regression_v37.TestVendorModule" name="test_vendor_orders_list" time="0.110" /><testcase classname="tests.test_regression_v37.TestVendorModule" name="test_vendor_categories" time="0.157" /><testcase classname="tests.test_regression_v37.TestBrandModule" name="test_brand_login_returns_correct_fields" time="0.338" /><testcase classname="tests.test_regression_v37.TestBrandModule" name="test_brand_login_invalid_credentials" time="0.330" /><testcase classname="tests.test_regression_v37.TestBrandModule" name="test_brand_me_endpoint" time="0.444" /><testcase classname="tests.test_regression_v37.TestBrandModule" name="test_brand_fabrics_restricted_to_allowed_categories" time="0.142" /><testcase classname="tests.test_regression_v37.TestBrandModule" name="test_brand_fabrics_filter_options" time="0.114" /><testcase classname="tests.test_regression_v37.TestBrandModule" name="test_brand_credit_lines" time="0.105" /><testcase classname="tests.test_regression_v37.TestBrandModule" name="test_brand_sample_credits" time="0.098" /><testcase classname="tests.test_regression_v37.TestBrandModule" name="test_brand_factories_list" time="0.137" /><testcase classname="tests.test_regression_v37.TestBrandModule" name="test_brand_users_list" time="0.118" /><testcase classname="tests.test_regression_v37.TestBrandModule" name="test_brand_designations" time="0.114" /><testcase classname="tests.test_regression_v37.TestBrandModule" name="test_brand_support_contact" time="0.102" /><testcase classname="tests.test_regression_v37.TestBrandModule" name="test_brand_ledger" time="0.116" /><testcase classname="tests.test_regression_v37.TestAgentModule" name="test_agent_send_otp" time="0.331" /><testcase classname="tests.test_regression_v37.TestAgentModule" name="test_agent_send_otp_invalid_email" time="0.117" /><testcase classname="tests.test_regression_v37.TestAgentModule" name="test_agent_profile" time="0.527" /><testcase classname="tests.test_regression_v37.TestAgentModule" name="test_agent_exchange_rate" time="0.225" /><testcase classname="tests.test_regression_v37.TestAgentModule" name="test_agent_shared_carts_list" time="0.112" /><testcase classname="tests.test_regression_v37.TestAgentModule" name="test_agent_orders_list" time="0.105" /><testcase classname="tests.test_regression_v37.TestAgentModule" name="test_agent_create_shared_cart" time="0.107" /><testcase classname="tests.test_regression_v37.TestAgentModule" name="test_agent_create_shared_cart_bangladesh" time="0.110" /><testcase classname="tests.test_regression_v37.TestAgentModule" name="test_agent_get_shared_cart_public" time="0.212" /><testcase classname="tests.test_regression_v37.TestAdminModule" name="test_admin_login" time="0.322" /><testcase classname="tests.test_regression_v37.TestAdminModule" name="test_admin_brands_list" time="0.439" /><testcase classname="tests.test_regression_v37.TestAdminModule" name="test_admin_agent_list" time="0.098" /><testcase classname="tests.test_regression_v37.TestCrossCutting" name="test_fabrics_list_public" time="0.103" /><testcase classname="tests.test_regression_v37.TestCrossCutting" name="test_fabric_detail_invalid_id" time="0.132" /><testcase classname="tests.test_regression_v37.TestCrossCutting" name="test_categories_list" time="0.113" /><testcase classname="tests.test_regression_v37.TestCrossCutting" name="test_upload_endpoint_requires_auth" time="0.112" /></testsuite></testsuites>