<?xml version="1.0" encoding="utf-8"?><testsuites name="pytest tests"><testsuite name="pytest" errors="0" failures="0" skipped="0" tests="9" time="4.469" timestamp="2026-05-12T12:03:36.096132+00:00" hostname="agent-env-43cc635e-1ad9-495e-87cf-b0ef1bb98f98"><testcase classname="backend.tests.test_packaging_logistics_tax_v62.TestCalculateTotals" name="test_bulk_order_with_packaging_and_logistics" time="1.594" /><testcase classname="backend.tests.test_packaging_logistics_tax_v62.TestCalculateTotals" name="test_sample_order_with_flat_logistics" time="0.870" /><testcase classname="backend.tests.test_packaging_logistics_tax_v62.TestInvoicePDFRendering" name="test_v2_paid_order_invoice" time="0.238" /><testcase classname="backend.tests.test_packaging_logistics_tax_v62.TestInvoicePDFRendering" name="test_legacy_order_invoice" time="0.248" /><testcase classname="backend.tests.test_packaging_logistics_tax_v62.TestOrderFieldsPersistence" name="test_order_contains_all_new_fields" time="0.709" /><testcase classname="backend.tests.test_packaging_logistics_tax_v62.TestLegacyOrderCompatibility" name="test_get_existing_order_without_v2_flag" time="0.373" /><testcase classname="backend.tests.test_packaging_logistics_tax_v62.TestBangladeshExportUnaffected" name="test_lc_order_endpoint_exists" time="0.117" /><testcase classname="backend.tests.test_packaging_logistics_tax_v62.TestHealthAndBasics" name="test_api_health" time="0.115" /><testcase classname="backend.tests.test_packaging_logistics_tax_v62.TestHealthAndBasics" name="test_orders_list_endpoint" time="0.118" /></testsuite></testsuites>