<?xml version="1.0" encoding="utf-8"?><testsuites name="pytest tests"><testsuite name="pytest" errors="0" failures="0" skipped="0" tests="10" time="6.822" timestamp="2026-05-05T12:23:45.347488+00:00" hostname="agent-env-43cc635e-1ad9-495e-87cf-b0ef1bb98f98"><testcase classname="backend.tests.test_phase45_order_detail.TestCustomerOrderDetail" name="test_get_order_returns_order_for_owner" time="0.946" /><testcase classname="backend.tests.test_phase45_order_detail.TestCustomerOrderDetail" name="test_get_order_returns_404_for_different_customer" time="0.701" /><testcase classname="backend.tests.test_phase45_order_detail.TestCustomerOrderDetail" name="test_get_order_returns_401_without_auth" time="0.194" /><testcase classname="backend.tests.test_phase45_order_detail.TestOrderPayContext" name="test_pay_context_returns_razorpay_info_for_pending_order" time="0.712" /><testcase classname="backend.tests.test_phase45_order_detail.TestOrderPayContext" name="test_pay_context_returns_400_for_paid_order" time="0.286" /><testcase classname="backend.tests.test_phase45_order_detail.TestOrderPayContext" name="test_pay_context_returns_404_for_different_customer" time="0.912" /><testcase classname="backend.tests.test_phase45_order_detail.TestStandaloneFactoryCreation" name="test_standalone_factory_creation_succeeds" time="1.043" /><testcase classname="backend.tests.test_phase45_order_detail.TestStandaloneFactoryCreation" name="test_factory_with_nonexistent_parent_returns_400" time="0.237" /><testcase classname="backend.tests.test_phase45_order_detail.TestStandaloneFactoryCreation" name="test_factory_with_valid_parent_succeeds" time="0.855" /><testcase classname="backend.tests.test_phase45_order_detail.TestStandaloneFactoryCreation" name="test_brand_type_ignores_parent_brand_id" time="0.867" /></testsuite></testsuites>