<?xml version="1.0" encoding="utf-8"?><testsuites name="pytest tests"><testsuite name="pytest" errors="0" failures="1" skipped="0" tests="21" time="2.582" timestamp="2026-04-17T09:09:56.723402+00:00" hostname="agent-env-43cc635e-1ad9-495e-87cf-b0ef1bb98f98"><testcase classname="tests.test_v26_features.TestAgentOTPLogin" name="test_agent_login_page_accessible" time="0.273" /><testcase classname="tests.test_v26_features.TestAgentOTPLogin" name="test_send_otp_requires_active_agent" time="0.054" /><testcase classname="tests.test_v26_features.TestAgentOTPLogin" name="test_send_otp_for_existing_agent" time="0.277" /><testcase classname="tests.test_v26_features.TestAgentOTPLogin" name="test_verify_otp_rejects_invalid" time="0.047" /><testcase classname="tests.test_v26_features.TestAgentSharedCart" name="test_shared_cart_requires_auth" time="0.047" /><testcase classname="tests.test_v26_features.TestAgentSharedCart" name="test_public_shared_cart_access" time="0.049" /><testcase classname="tests.test_v26_features.TestAgentSharedCart" name="test_invalid_cart_token_returns_404" time="0.048" /><testcase classname="tests.test_v26_features.TestAgentAdminManagement" name="test_admin_list_agents" time="0.321" /><testcase classname="tests.test_v26_features.TestAgentAdminManagement" name="test_admin_create_agent" time="0.048" /><testcase classname="tests.test_v26_features.TestAgentAdminManagement" name="test_admin_create_duplicate_agent_fails" time="0.058" /><testcase classname="tests.test_v26_features.TestAgentAdminManagement" name="test_admin_update_agent_status" time="0.101" /><testcase classname="tests.test_v26_features.TestAgentAdminManagement" name="test_agent_stats_endpoint" time="0.101" /><testcase classname="tests.test_v26_features.TestRFQBangladeshBIN" name="test_rfq_lead_with_bin_number" time="0.463" /><testcase classname="tests.test_v26_features.TestRFQBangladeshBIN" name="test_rfq_lead_india_with_gst" time="0.209" /><testcase classname="tests.test_v26_features.TestRFQBangladeshBIN" name="test_rfq_lead_requires_basic_fields" time="0.055" /><testcase classname="tests.test_v26_features.TestLogisticsSplit" name="test_order_create_stores_packaging_charge" time="0.053" /><testcase classname="tests.test_v26_features.TestLogisticsSplit" name="test_sample_order_flat_logistics" time="0.000" /><testcase classname="tests.test_v26_features.TestAdminOrdersBookingType" name="test_orders_list_returns_booking_type" time="0.047" /><testcase classname="tests.test_v26_features.TestInvoicePDF" name="test_invoice_endpoint_exists" time="0.114" /><testcase classname="tests.test_v26_features.TestHealthCheck" name="test_api_health" time="0.058"><failure message="assert 404 == 200&#10; +  where 404 = &lt;Response [404]&gt;.status_code">tests/test_v26_features.py:380: in test_api_health
    assert response.status_code == 200
E   assert 404 == 200
E    +  where 404 = &lt;Response [404]&gt;.status_code</failure></testcase><testcase classname="tests.test_v26_features.TestHealthCheck" name="test_fabrics_endpoint" time="0.051" /></testsuite></testsuites>