<?xml version="1.0" encoding="utf-8"?><testsuites name="pytest tests"><testsuite name="pytest" errors="0" failures="0" skipped="0" tests="18" time="3.290" timestamp="2026-04-17T11:51:46.091036+00:00" hostname="agent-env-43cc635e-1ad9-495e-87cf-b0ef1bb98f98"><testcase classname="backend.tests.test_commission_features.TestCommissionRulesCRUD" name="test_list_commission_rules" time="0.288" /><testcase classname="backend.tests.test_commission_features.TestCommissionRulesCRUD" name="test_get_default_commission" time="0.124" /><testcase classname="backend.tests.test_commission_features.TestCommissionRulesCRUD" name="test_create_vendor_rule" time="0.158" /><testcase classname="backend.tests.test_commission_features.TestCommissionRulesCRUD" name="test_create_category_rule" time="0.186" /><testcase classname="backend.tests.test_commission_features.TestCommissionRulesCRUD" name="test_create_cart_value_rule" time="0.148" /><testcase classname="backend.tests.test_commission_features.TestCommissionRulesCRUD" name="test_create_meterage_rule" time="0.157" /><testcase classname="backend.tests.test_commission_features.TestCommissionRulesCRUD" name="test_create_source_rule" time="0.153" /><testcase classname="backend.tests.test_commission_features.TestCommissionRulesCRUD" name="test_update_rule" time="0.202" /><testcase classname="backend.tests.test_commission_features.TestCommissionRulesCRUD" name="test_delete_rule" time="0.164" /><testcase classname="backend.tests.test_commission_features.TestCommissionRulesCRUD" name="test_delete_nonexistent_rule" time="0.114" /><testcase classname="backend.tests.test_commission_features.TestCommissionCalculatePreview" name="test_calculate_preview_basic" time="0.101" /><testcase classname="backend.tests.test_commission_features.TestCommissionCalculatePreview" name="test_calculate_preview_with_items" time="0.102" /><testcase classname="backend.tests.test_commission_features.TestSeededCommissionRules" name="test_seeded_rules_exist" time="0.120" /><testcase classname="backend.tests.test_commission_features.TestSeededCommissionRules" name="test_rules_have_all_types" time="0.125" /><testcase classname="backend.tests.test_commission_features.TestVendorOrdersAPI" name="test_vendor_orders_endpoint" time="0.415" /><testcase classname="backend.tests.test_commission_features.TestAdminOrdersAPI" name="test_admin_orders_list" time="0.157" /><testcase classname="backend.tests.test_commission_features.TestAgentLoginOTPFix" name="test_agent_send_otp_endpoint" time="0.386" /><testcase classname="backend.tests.test_commission_features.TestAgentLoginOTPFix" name="test_agent_verify_otp_endpoint" time="0.113" /></testsuite></testsuites>