<?xml version="1.0" encoding="utf-8"?><testsuites name="pytest tests"><testsuite name="pytest" errors="0" failures="0" skipped="0" tests="9" time="3.372" timestamp="2026-05-08T11:42:26.981328+00:00" hostname="agent-env-43cc635e-1ad9-495e-87cf-b0ef1bb98f98"><testcase classname="backend.tests.test_credit_surcharge_v57.TestCreditSummary" name="test_credit_summary_returns_credit_period_days" time="0.485" /><testcase classname="backend.tests.test_credit_surcharge_v57.TestAdminCreditPeriodUpdate" name="test_admin_can_update_credit_period_days" time="0.601" /><testcase classname="backend.tests.test_credit_surcharge_v57.TestAdminCreditPeriodUpdate" name="test_admin_cannot_set_invalid_credit_period" time="0.113" /><testcase classname="backend.tests.test_credit_surcharge_v57.TestAdminCreditPeriodUpdate" name="test_reset_credit_period_to_30" time="0.117" /><testcase classname="backend.tests.test_credit_surcharge_v57.TestCreditChargeComputation" name="test_credit_charge_formula_30_days" time="0.328" /><testcase classname="backend.tests.test_credit_surcharge_v57.TestRazorpayNoSurcharge" name="test_razorpay_create_no_credit_charge" time="1.036" /><testcase classname="backend.tests.test_credit_surcharge_v57.TestCreditPeriodVariations" name="test_60_day_credit_period" time="0.280" /><testcase classname="backend.tests.test_credit_surcharge_v57.TestCreditPeriodVariations" name="test_90_day_credit_period" time="0.221" /><testcase classname="backend.tests.test_credit_surcharge_v57.TestCreditPeriodVariations" name="test_reset_to_30_days" time="0.121" /></testsuite></testsuites>