<?xml version="1.0" encoding="utf-8"?><testsuites name="pytest tests"><testsuite name="pytest" errors="0" failures="0" skipped="0" tests="16" time="7.698" timestamp="2026-05-12T11:50:41.997949+00:00" hostname="agent-env-43cc635e-1ad9-495e-87cf-b0ef1bb98f98"><testcase classname="backend.tests.test_edit_order_v61.TestEditOrderFeature" name="test_01_list_orders_for_testing" time="0.417" /><testcase classname="backend.tests.test_edit_order_v61.TestEditOrderFeature" name="test_02_edit_order_notes_only" time="0.447" /><testcase classname="backend.tests.test_edit_order_v61.TestEditOrderFeature" name="test_03_edit_order_rejected_for_delivered" time="0.456" /><testcase classname="backend.tests.test_edit_order_v61.TestEditOrderFeature" name="test_04_edit_order_rejected_for_cancelled" time="0.480" /><testcase classname="backend.tests.test_edit_order_v61.TestEditOrderFeature" name="test_05_edit_order_invalid_seller_id" time="0.432" /><testcase classname="backend.tests.test_edit_order_v61.TestEditOrderFeature" name="test_06_list_order_edits" time="0.430" /><testcase classname="backend.tests.test_edit_order_v61.TestEditOrderFeature" name="test_07_edit_order_items_recomputes_totals" time="0.460" /><testcase classname="backend.tests.test_edit_order_v61.TestEditOrderFeature" name="test_08_edit_order_customer_info" time="0.429" /><testcase classname="backend.tests.test_edit_order_v61.TestEditOrderFeature" name="test_09_edit_order_ship_to" time="0.603" /><testcase classname="backend.tests.test_edit_order_v61.TestSellerPickupFields" name="test_01_get_sellers_list" time="0.433" /><testcase classname="backend.tests.test_edit_order_v61.TestSellerPickupFields" name="test_02_update_seller_pickup_fields" time="0.471" /><testcase classname="backend.tests.test_edit_order_v61.TestVendorChangeOnOrder" name="test_01_change_vendor_on_order" time="0.503" /><testcase classname="backend.tests.test_edit_order_v61.TestVendorChangeOnOrder" name="test_02_vendor_change_preserves_item_prices" time="0.521" /><testcase classname="backend.tests.test_edit_order_v61.TestOrderEditAuditTrail" name="test_01_audit_trail_sorted_newest_first" time="0.457" /><testcase classname="backend.tests.test_edit_order_v61.TestOrderEditAuditTrail" name="test_02_audit_trail_requires_admin_auth" time="0.592" /><testcase classname="backend.tests.test_edit_order_v61.TestOrderEditAuditTrail" name="test_03_no_changes_returns_no_changes_flag" time="0.472" /></testsuite></testsuites>