<?xml version="1.0" encoding="utf-8"?><testsuites name="pytest tests"><testsuite name="pytest" errors="0" failures="0" skipped="0" tests="13" time="2.917" timestamp="2026-05-19T06:23:14.376850+00:00" hostname="agent-env-43cc635e-1ad9-495e-87cf-b0ef1bb98f98"><testcase classname="tests.test_vendor_accept_cancel_v70.TestVendorAcceptCancel" name="test_vendor_accept_order_success" time="1.240" /><testcase classname="tests.test_vendor_accept_cancel_v70.TestVendorAcceptCancel" name="test_vendor_cancel_order_success" time="0.692" /><testcase classname="tests.test_vendor_accept_cancel_v70.TestVendorAcceptCancel" name="test_vendor_cannot_accept_other_vendor_order" time="0.137" /><testcase classname="tests.test_vendor_accept_cancel_v70.TestVendorSLAAutoCancel" name="test_auto_cancel_stale_vendor_orders" time="0.135" /><testcase classname="tests.test_vendor_accept_cancel_v70.TestBalanceShareLink" name="test_mint_balance_share_link_success" time="0.129" /><testcase classname="tests.test_vendor_accept_cancel_v70.TestBalanceShareLink" name="test_balance_share_link_rejects_non_provisional" time="0.119" /><testcase classname="tests.test_vendor_accept_cancel_v70.TestBalanceShareLink" name="test_resolve_balance_share_link_public" time="0.125" /><testcase classname="tests.test_vendor_accept_cancel_v70.TestInternalEvents" name="test_internal_event_recipients_configured" time="0.011" /><testcase classname="tests.test_vendor_accept_cancel_v70.TestInternalEvents" name="test_verify_payment_sets_vendor_sla_fields" time="0.005" /><testcase classname="tests.test_vendor_accept_cancel_v70.TestAgentQtyType" name="test_shared_cart_accepts_qty_type" time="0.258" /><testcase classname="tests.test_vendor_accept_cancel_v70.TestVerifyPaymentInternalEvents" name="test_advance_paid_event_logged" time="0.005" /><testcase classname="tests.test_vendor_accept_cancel_v70.TestVerifyPaymentInternalEvents" name="test_goods_ready_event_logged" time="0.005" /><testcase classname="tests.test_vendor_accept_cancel_v70.TestPayoutInternalEvent" name="test_payout_paid_event_structure" time="0.000" /></testsuite></testsuites>