<?xml version="1.0" encoding="utf-8"?><testsuites name="pytest tests"><testsuite name="pytest" errors="0" failures="0" skipped="0" tests="36" time="6.661" timestamp="2026-04-17T07:47:58.307595+00:00" hostname="agent-env-43cc635e-1ad9-495e-87cf-b0ef1bb98f98"><testcase classname="tests.test_comprehensive_v25.TestHealthAndBasics" name="test_api_fabrics_returns_list" time="0.144" /><testcase classname="tests.test_comprehensive_v25.TestHealthAndBasics" name="test_api_collections_returns_list" time="0.123" /><testcase classname="tests.test_comprehensive_v25.TestHealthAndBasics" name="test_api_categories_returns_list" time="0.137" /><testcase classname="tests.test_comprehensive_v25.TestCreditSystem" name="test_credit_apply_success" time="0.341" /><testcase classname="tests.test_comprehensive_v25.TestCreditSystem" name="test_credit_apply_missing_fields" time="0.118" /><testcase classname="tests.test_comprehensive_v25.TestCreditSystem" name="test_credit_balance_check" time="0.113" /><testcase classname="tests.test_comprehensive_v25.TestCreditSystem" name="test_credit_balance_new_user" time="0.109" /><testcase classname="tests.test_comprehensive_v25.TestCustomerOTPAuth" name="test_send_otp_success" time="0.396" /><testcase classname="tests.test_comprehensive_v25.TestCustomerOTPAuth" name="test_send_otp_invalid_email" time="0.100" /><testcase classname="tests.test_comprehensive_v25.TestCustomerOTPAuth" name="test_verify_otp_invalid" time="0.106" /><testcase classname="tests.test_comprehensive_v25.TestCustomerOTPAuth" name="test_customer_profile_unauthorized" time="0.104" /><testcase classname="tests.test_comprehensive_v25.TestCustomerOTPAuth" name="test_customer_orders_unauthorized" time="0.121" /><testcase classname="tests.test_comprehensive_v25.TestAdminAuth" name="test_admin_login_success" time="0.329" /><testcase classname="tests.test_comprehensive_v25.TestAdminAuth" name="test_admin_login_invalid" time="0.333" /><testcase classname="tests.test_comprehensive_v25.TestAdminCreditManagement" name="test_get_credit_applications" time="0.466" /><testcase classname="tests.test_comprehensive_v25.TestAdminCreditManagement" name="test_credit_applications_unauthorized" time="0.123" /><testcase classname="tests.test_comprehensive_v25.TestFabricFilters" name="test_filter_by_category" time="0.230" /><testcase classname="tests.test_comprehensive_v25.TestFabricFilters" name="test_filter_by_pattern" time="0.112" /><testcase classname="tests.test_comprehensive_v25.TestFabricFilters" name="test_filter_by_color" time="0.112" /><testcase classname="tests.test_comprehensive_v25.TestFabricFilters" name="test_filter_by_width" time="0.155" /><testcase classname="tests.test_comprehensive_v25.TestFabricFilters" name="test_filter_by_gsm_range" time="0.113" /><testcase classname="tests.test_comprehensive_v25.TestFabricFilters" name="test_filter_by_price_range" time="0.100" /><testcase classname="tests.test_comprehensive_v25.TestFabricFilters" name="test_filter_sample_available" time="0.101" /><testcase classname="tests.test_comprehensive_v25.TestFabricFilters" name="test_filter_instant_bookable" time="0.104" /><testcase classname="tests.test_comprehensive_v25.TestFabricFilters" name="test_fabrics_count_endpoint" time="0.109" /><testcase classname="tests.test_comprehensive_v25.TestSEOEndpoints" name="test_sitemap_xml" time="0.118" /><testcase classname="tests.test_comprehensive_v25.TestSEOEndpoints" name="test_prerender_homepage" time="0.111" /><testcase classname="tests.test_comprehensive_v25.TestSEOEndpoints" name="test_prerender_fabrics" time="0.123" /><testcase classname="tests.test_comprehensive_v25.TestSEOEndpoints" name="test_prerender_collections" time="0.101" /><testcase classname="tests.test_comprehensive_v25.TestSEOEndpoints" name="test_robots_txt" time="0.107" /><testcase classname="tests.test_comprehensive_v25.TestOrdersAndInvoice" name="test_get_orders_admin" time="0.477" /><testcase classname="tests.test_comprehensive_v25.TestOrdersAndInvoice" name="test_get_orders_by_status" time="0.426" /><testcase classname="tests.test_comprehensive_v25.TestMultiVendorComparison" name="test_fabric_detail_returns_data" time="0.225" /><testcase classname="tests.test_comprehensive_v25.TestMultiVendorComparison" name="test_other_sellers_endpoint" time="0.214" /><testcase classname="tests.test_comprehensive_v25.TestEnquiries" name="test_create_enquiry" time="0.261" /><testcase classname="tests.test_comprehensive_v25.TestSellers" name="test_get_sellers" time="0.099" /></testsuite></testsuites>