<?xml version="1.0" encoding="utf-8"?><testsuites name="pytest tests"><testsuite name="pytest" errors="0" failures="0" skipped="0" tests="8" time="3.150" timestamp="2026-05-08T07:26:59.428268+00:00" hostname="agent-env-43cc635e-1ad9-495e-87cf-b0ef1bb98f98"><testcase classname="backend.tests.test_credit_gst_v55.TestCreditBalanceGST" name="test_credit_balance_missing_params_returns_400" time="0.147" /><testcase classname="backend.tests.test_credit_gst_v55.TestCreditBalanceGST" name="test_credit_balance_unknown_gst_returns_200_no_credit" time="0.137" /><testcase classname="backend.tests.test_credit_gst_v55.TestCreditBalanceGST" name="test_credit_balance_unknown_email_returns_200_no_credit" time="0.128" /><testcase classname="backend.tests.test_credit_gst_v55.TestCreditBalanceGST" name="test_credit_apply_creates_application_with_gst" time="0.442" /><testcase classname="backend.tests.test_credit_gst_v55.TestCreditBalanceGST" name="test_credit_approve_stores_gst_on_wallet" time="0.867" /><testcase classname="backend.tests.test_credit_gst_v55.TestCreditBalanceGST" name="test_credit_balance_gst_priority_over_email" time="0.927" /><testcase classname="backend.tests.test_credit_gst_v55.TestCreditApplicationFlow" name="test_credit_apply_validation" time="0.104" /><testcase classname="backend.tests.test_credit_gst_v55.TestCreditApplicationFlow" name="test_credit_apply_with_all_fields" time="0.332" /></testsuite></testsuites>