<?xml version="1.0" encoding="utf-8"?><testsuites name="pytest tests"><testsuite name="pytest" errors="0" failures="0" skipped="0" tests="17" time="7.923" timestamp="2026-04-23T12:45:50.974593+00:00" hostname="agent-env-43cc635e-1ad9-495e-87cf-b0ef1bb98f98"><testcase classname="backend.tests.test_brand_portal_v34.TestBrandSupportEndpoint" name="test_support_endpoint_returns_contact_info" time="0.204" /><testcase classname="backend.tests.test_brand_portal_v34.TestBrandLoginPayload" name="test_login_includes_brand_logo_url" time="0.394" /><testcase classname="backend.tests.test_brand_portal_v34.TestBrandLoginPayload" name="test_login_includes_designation" time="0.000" /><testcase classname="backend.tests.test_brand_portal_v34.TestBrandLoginPayload" name="test_login_includes_brand_name" time="0.000" /><testcase classname="backend.tests.test_brand_portal_v34.TestSampleOrderCap" name="test_sample_order_qty_over_5_returns_400" time="0.612" /><testcase classname="backend.tests.test_brand_portal_v34.TestSampleOrderCap" name="test_sample_order_qty_5_proceeds" time="0.145" /><testcase classname="backend.tests.test_brand_portal_v34.TestSampleCreditOTPFlow" name="test_sample_credits_without_otp_returns_error" time="0.454" /><testcase classname="backend.tests.test_brand_portal_v34.TestSampleCreditOTPFlow" name="test_sample_credits_otp_request" time="0.652" /><testcase classname="backend.tests.test_brand_portal_v34.TestSampleCreditOTPFlow" name="test_sample_credits_with_wrong_otp_returns_400" time="0.827" /><testcase classname="backend.tests.test_brand_portal_v34.TestSampleCreditOTPFlow" name="test_sample_credits_with_tampered_delta_returns_400" time="0.870" /><testcase classname="backend.tests.test_brand_portal_v34.TestSampleCreditOTPFlow" name="test_sample_credits_with_valid_otp_succeeds" time="1.086" /><testcase classname="backend.tests.test_brand_portal_v34.TestSampleCreditOTPFlow" name="test_reusing_consumed_otp_returns_400" time="1.248" /><testcase classname="backend.tests.test_brand_portal_v34.TestDefaultShipTo" name="test_brand_admin_can_save_default_ship_to" time="0.243" /><testcase classname="backend.tests.test_brand_portal_v34.TestRegressionBrandFlows" name="test_brand_fabrics_returns_filtered_catalog" time="0.150" /><testcase classname="backend.tests.test_brand_portal_v34.TestRegressionBrandFlows" name="test_brand_credit_summary" time="0.130" /><testcase classname="backend.tests.test_brand_portal_v34.TestRegressionBrandFlows" name="test_admin_can_list_brands" time="0.112" /><testcase classname="backend.tests.test_brand_portal_v34.TestRegressionBrandFlows" name="test_admin_can_get_brand_detail" time="0.635" /></testsuite></testsuites>