<?xml version="1.0" encoding="utf-8"?><testsuites name="pytest tests"><testsuite name="pytest" errors="0" failures="0" skipped="0" tests="13" time="3.250" timestamp="2026-05-05T13:12:25.986405+00:00" hostname="agent-env-43cc635e-1ad9-495e-87cf-b0ef1bb98f98"><testcase classname="tests.test_tracking_history.TestTrackingHistoryEndpoint" name="test_tracking_returns_200_for_owner" time="0.616" /><testcase classname="tests.test_tracking_history.TestTrackingHistoryEndpoint" name="test_tracking_response_structure" time="0.053" /><testcase classname="tests.test_tracking_history.TestTrackingHistoryEndpoint" name="test_tracking_events_have_required_fields" time="0.049" /><testcase classname="tests.test_tracking_history.TestTrackingHistoryEndpoint" name="test_tracking_events_sorted_newest_first" time="0.053" /><testcase classname="tests.test_tracking_history.TestTrackingHistoryEndpoint" name="test_tracking_events_have_locations" time="0.049" /><testcase classname="tests.test_tracking_history.TestTrackingHistoryEndpoint" name="test_tracking_returns_404_for_different_customer" time="0.353" /><testcase classname="tests.test_tracking_history.TestTrackingHistoryEndpoint" name="test_tracking_returns_401_without_auth" time="0.051" /><testcase classname="tests.test_tracking_history.TestTrackingHistoryEndpoint" name="test_tracking_returns_404_for_nonexistent_order" time="0.047" /><testcase classname="tests.test_tracking_history.TestWebhookLocationExtraction" name="test_webhook_extracts_location_and_activity" time="0.585" /><testcase classname="tests.test_tracking_history.TestWebhookLocationExtraction" name="test_webhook_handles_missing_location_activity_gracefully" time="0.549" /><testcase classname="tests.test_tracking_history.TestWebhookLocationExtraction" name="test_order_status_webhook_extracts_location_activity" time="0.551" /><testcase classname="tests.test_tracking_history.TestSeededEventData" name="test_order_has_5_seeded_events" time="0.049" /><testcase classname="tests.test_tracking_history.TestSeededEventData" name="test_seeded_events_progression" time="0.050" /></testsuite></testsuites>