<?xml version="1.0" encoding="utf-8"?><testsuites name="pytest tests"><testsuite name="pytest" errors="0" failures="0" skipped="0" tests="27" time="6.206" timestamp="2026-05-07T11:56:57.203533+00:00" hostname="agent-env-43cc635e-1ad9-495e-87cf-b0ef1bb98f98"><testcase classname="backend.tests.test_brand_regression_v50.TestBrandAuth" name="test_brand_login_success" time="0.426" /><testcase classname="backend.tests.test_brand_regression_v50.TestBrandAuth" name="test_brand_login_invalid_credentials" time="0.330" /><testcase classname="backend.tests.test_brand_regression_v50.TestBrandAuth" name="test_brand_me_endpoint" time="0.522" /><testcase classname="backend.tests.test_brand_regression_v50.TestBrandCatalog" name="test_fabrics_list_loads" time="0.165" /><testcase classname="backend.tests.test_brand_regression_v50.TestBrandCatalog" name="test_filter_options_loads" time="0.126" /><testcase classname="backend.tests.test_brand_regression_v50.TestBrandCatalog" name="test_availability_filter_bookable" time="0.112" /><testcase classname="backend.tests.test_brand_regression_v50.TestBrandCatalog" name="test_category_filter" time="0.333" /><testcase classname="backend.tests.test_brand_regression_v50.TestBrandPDP" name="test_fabric_detail_loads" time="0.279" /><testcase classname="backend.tests.test_brand_regression_v50.TestBrandPDP" name="test_fabric_detail_by_slug" time="0.243" /><testcase classname="backend.tests.test_brand_regression_v50.TestBrandCreditSummary" name="test_credit_summary_loads" time="0.128" /><testcase classname="backend.tests.test_brand_regression_v50.TestBrandAddresses" name="test_addresses_list" time="0.127" /><testcase classname="backend.tests.test_brand_regression_v50.TestBrandAddresses" name="test_add_address" time="0.123" /><testcase classname="backend.tests.test_brand_regression_v50.TestBrandAddresses" name="test_set_default_address" time="0.251" /><testcase classname="backend.tests.test_brand_regression_v50.TestBrandOrders" name="test_orders_list" time="0.111" /><testcase classname="backend.tests.test_brand_regression_v50.TestBrandUsers" name="test_users_list" time="0.105" /><testcase classname="backend.tests.test_brand_regression_v50.TestBrandUsers" name="test_designations_list" time="0.119" /><testcase classname="backend.tests.test_brand_regression_v50.TestBrandFactories" name="test_factories_list" time="0.127" /><testcase classname="backend.tests.test_brand_regression_v50.TestBrandQueries" name="test_queries_list" time="0.101" /><testcase classname="backend.tests.test_brand_regression_v50.TestBrandProfile" name="test_profile_update" time="0.460" /><testcase classname="backend.tests.test_brand_regression_v50.TestBrandSupport" name="test_support_endpoint" time="0.110" /><testcase classname="backend.tests.test_brand_regression_v50.TestRFQSubmission" name="test_rfq_submit_with_brand_token" time="0.108" /><testcase classname="backend.tests.test_brand_regression_v50.TestBrandFinancials" name="test_financials_summary" time="0.125" /><testcase classname="backend.tests.test_brand_regression_v50.TestBrandLedger" name="test_ledger_loads" time="0.101" /><testcase classname="backend.tests.test_brand_regression_v50.TestRazorpayTopup" name="test_topup_create_order" time="1.000" /><testcase classname="backend.tests.test_brand_regression_v50.TestBrandAllocations" name="test_allocations_list" time="0.147" /><testcase classname="backend.tests.test_brand_regression_v50.TestEmailAudit" name="test_order_emails_endpoint" time="0.220" /><testcase classname="backend.tests.test_brand_regression_v50.TestForgotPassword" name="test_forgot_password_endpoint" time="0.108" /></testsuite></testsuites>