<?xml version="1.0" encoding="utf-8"?><testsuites name="pytest tests"><testsuite name="pytest" errors="0" failures="0" skipped="1" tests="5" time="2.501" timestamp="2026-05-22T06:35:51.445060+00:00" hostname="agent-env-43cc635e-1ad9-495e-87cf-b0ef1bb98f98"><testcase classname="backend.tests.test_checkout_v76.TestOrderCreateProvisional" name="test_bulk_order_provisional_returns_advance_fields" time="1.036" /><testcase classname="backend.tests.test_checkout_v76.TestOrderCreateProvisional" name="test_sample_order_non_provisional_full_payment" time="0.427" /><testcase classname="backend.tests.test_checkout_v76.TestVendorOrderTabs" name="test_vendor_orders_returns_pipeline_stage" time="0.466" /><testcase classname="backend.tests.test_checkout_v76.TestOrderCreateNoCoupon" name="test_order_create_without_coupon_succeeds" time="0.367" /><testcase classname="backend.tests.test_checkout_v76.TestAdminOrderTabs" name="test_admin_orders_returns_pipeline_stage" time="0.147"><skipped type="pytest.skip" message="Admin login failed: {&quot;detail&quot;:&quot;Not Found&quot;}">/app/backend/tests/test_checkout_v76.py:255: Admin login failed: {"detail":"Not Found"}</skipped></testcase></testsuite></testsuites>