<?xml version="1.0" encoding="utf-8"?><testsuites name="pytest tests"><testsuite name="pytest" errors="0" failures="0" skipped="0" tests="12" time="3.122" timestamp="2026-04-17T12:07:32.581396+00:00" hostname="agent-env-43cc635e-1ad9-495e-87cf-b0ef1bb98f98"><testcase classname="backend.tests.test_slug_features.TestSlugFeatures" name="test_fabrics_list_returns_slug_field" time="0.201" /><testcase classname="backend.tests.test_slug_features.TestSlugFeatures" name="test_fabric_lookup_by_slug" time="0.229" /><testcase classname="backend.tests.test_slug_features.TestSlugFeatures" name="test_fabric_lookup_by_uuid_backward_compat" time="0.156" /><testcase classname="backend.tests.test_slug_features.TestSlugFeatures" name="test_fabric_create_auto_generates_slug" time="0.484" /><testcase classname="backend.tests.test_slug_features.TestSlugFeatures" name="test_fabric_update_regenerates_slug_on_name_change" time="0.551" /><testcase classname="backend.tests.test_slug_features.TestSlugFeatures" name="test_sitemap_exists" time="0.116" /><testcase classname="backend.tests.test_slug_features.TestSlugFeatures" name="test_all_migrated_fabrics_have_slugs" time="0.142" /><testcase classname="backend.tests.test_slug_features.TestRegressionChecks" name="test_commission_system_works" time="0.425" /><testcase classname="backend.tests.test_slug_features.TestRegressionChecks" name="test_agent_login_endpoints_work" time="0.176" /><testcase classname="backend.tests.test_slug_features.TestRegressionChecks" name="test_admin_login_works" time="0.332" /><testcase classname="backend.tests.test_slug_features.TestSlugFormat" name="test_slug_format_validation" time="0.112" /><testcase classname="backend.tests.test_slug_features.TestSlugFormat" name="test_example_slug_format" time="0.128" /></testsuite></testsuites>