<?xml version="1.0" encoding="utf-8"?><testsuites name="pytest tests"><testsuite name="pytest" errors="0" failures="0" skipped="0" tests="9" time="6.369" timestamp="2026-05-07T13:42:52.909058+00:00" hostname="agent-env-43cc635e-1ad9-495e-87cf-b0ef1bb98f98"><testcase classname="backend.tests.test_brand_notifications_v51.TestBrandNotificationEndpoints" name="test_get_notifications_list" time="0.636" /><testcase classname="backend.tests.test_brand_notifications_v51.TestBrandNotificationEndpoints" name="test_get_unread_count" time="0.132" /><testcase classname="backend.tests.test_brand_notifications_v51.TestBrandNotificationEndpoints" name="test_mark_notification_read" time="0.396" /><testcase classname="backend.tests.test_brand_notifications_v51.TestBrandNotificationEndpoints" name="test_mark_notification_read_404_wrong_user" time="0.135" /><testcase classname="backend.tests.test_brand_notifications_v51.TestBrandNotificationEndpoints" name="test_mark_all_read" time="0.263" /><testcase classname="backend.tests.test_brand_notifications_v51.TestBrandNotificationEndpoints" name="test_notifications_require_auth" time="0.521" /><testcase classname="backend.tests.test_brand_notifications_v51.TestEndToEndQuoteNotification" name="test_create_brand_rfq_and_vendor_quote" time="2.412" /><testcase classname="backend.tests.test_brand_notifications_v51.TestB2CFallback" name="test_customer_rfq_quote_email" time="1.659" /><testcase classname="backend.tests.test_brand_notifications_v51.TestNotificationDataIntegrity" name="test_notification_fields" time="0.141" /></testsuite></testsuites>