<?xml version="1.0" encoding="utf-8"?><testsuites name="pytest tests"><testsuite name="pytest" errors="0" failures="0" skipped="0" tests="16" time="4.324" timestamp="2026-04-23T11:07:14.559091+00:00" hostname="agent-env-43cc635e-1ad9-495e-87cf-b0ef1bb98f98"><testcase classname="tests.test_composition_cleanup.TestCompositionOptions" name="test_composition_options_returns_20_canonical_materials" time="0.133" /><testcase classname="tests.test_composition_cleanup.TestFilterOptions" name="test_filter_options_compositions_are_canonical" time="0.179" /><testcase classname="tests.test_composition_cleanup.TestMigrationEndpoint" name="test_migration_requires_admin_auth" time="0.111" /><testcase classname="tests.test_composition_cleanup.TestMigrationEndpoint" name="test_migration_dry_run_returns_zero_changes" time="0.430" /><testcase classname="tests.test_composition_cleanup.TestMigrationEndpoint" name="test_migration_apply_is_idempotent" time="0.546" /><testcase classname="tests.test_composition_cleanup.TestAdminFabricNormalization" name="test_admin_create_fabric_normalizes_composition" time="0.648" /><testcase classname="tests.test_composition_cleanup.TestAdminFabricNormalization" name="test_admin_update_fabric_normalizes_composition" time="0.781" /><testcase classname="tests.test_composition_cleanup.TestVendorFabricNormalization" name="test_vendor_create_fabric_normalizes_composition" time="0.636" /><testcase classname="tests.test_composition_cleanup.TestVendorFabricNormalization" name="test_vendor_update_fabric_normalizes_composition" time="0.766" /><testcase classname="tests.test_composition_cleanup.TestCompositionUtilsUnit" name="test_normalize_material_typos" time="0.001" /><testcase classname="tests.test_composition_cleanup.TestCompositionUtilsUnit" name="test_normalize_material_unknown_fallback" time="0.000" /><testcase classname="tests.test_composition_cleanup.TestCompositionUtilsUnit" name="test_canonicalize_composition_merges_duplicates" time="0.000" /><testcase classname="tests.test_composition_cleanup.TestCompositionUtilsUnit" name="test_canonicalize_composition_preserves_integer_percentages" time="0.000" /><testcase classname="tests.test_composition_cleanup.TestCompositionUtilsUnit" name="test_canonicalize_composition_preserves_half_step_floats" time="0.000" /><testcase classname="tests.test_composition_cleanup.TestCompositionUtilsUnit" name="test_canonicalize_composition_parses_legacy_string" time="0.000" /><testcase classname="tests.test_composition_cleanup.TestCompositionUtilsUnit" name="test_canonicalize_composition_sorts_by_percentage_desc" time="0.000" /></testsuite></testsuites>