<?xml version="1.0" encoding="utf-8"?><testsuites name="pytest tests"><testsuite name="pytest" errors="0" failures="0" skipped="0" tests="5" time="1.407" timestamp="2026-05-23T06:47:38.788067+00:00" hostname="agent-env-43cc635e-1ad9-495e-87cf-b0ef1bb98f98"><testcase classname="tests.test_pii_privacy_v79.TestVendorPIIPrivacy" name="test_vendor_orders_customer_pii_stripped" time="0.567" /><testcase classname="tests.test_pii_privacy_v79.TestVendorPIIPrivacy" name="test_vendor_orders_has_shipping_zone" time="0.113" /><testcase classname="tests.test_pii_privacy_v79.TestEmailTemplates" name="test_seller_order_notification_email_no_customer_pii" time="0.225" /><testcase classname="tests.test_pii_privacy_v79.TestEmailTemplates" name="test_order_confirmation_email_no_vendor_details" time="0.000" /><testcase classname="tests.test_pii_privacy_v79.TestAdminOrdersHaveFullData" name="test_admin_orders_have_full_customer_data" time="0.437" /></testsuite></testsuites>