<?xml version="1.0" encoding="utf-8"?><testsuites name="pytest tests"><testsuite name="pytest" errors="0" failures="0" skipped="0" tests="20" time="3.818" timestamp="2026-05-22T11:19:26.113474+00:00" hostname="agent-env-43cc635e-1ad9-495e-87cf-b0ef1bb98f98"><testcase classname="backend.tests.test_wishlists_v77.TestWishlistAuth" name="test_create_wishlist_requires_auth" time="0.141" /><testcase classname="backend.tests.test_wishlists_v77.TestWishlistAuth" name="test_list_wishlists_requires_auth" time="0.112" /><testcase classname="backend.tests.test_wishlists_v77.TestWishlistCRUD" name="test_create_wishlist_success" time="0.112" /><testcase classname="backend.tests.test_wishlists_v77.TestWishlistCRUD" name="test_list_wishlists" time="0.196" /><testcase classname="backend.tests.test_wishlists_v77.TestWishlistCRUD" name="test_get_wishlist_detail" time="0.147" /><testcase classname="backend.tests.test_wishlists_v77.TestWishlistCRUD" name="test_update_wishlist_rename" time="0.155" /><testcase classname="backend.tests.test_wishlists_v77.TestWishlistCRUD" name="test_delete_wishlist" time="0.203" /><testcase classname="backend.tests.test_wishlists_v77.TestWishlistItems" name="test_add_fabric_to_wishlist" time="0.228" /><testcase classname="backend.tests.test_wishlists_v77.TestWishlistItems" name="test_add_fabric_idempotent" time="0.252" /><testcase classname="backend.tests.test_wishlists_v77.TestWishlistItems" name="test_add_nonexistent_fabric_404" time="0.153" /><testcase classname="backend.tests.test_wishlists_v77.TestWishlistItems" name="test_remove_fabric_from_wishlist" time="0.253" /><testcase classname="backend.tests.test_wishlists_v77.TestWishlistSharing" name="test_share_wishlist_generates_token" time="0.180" /><testcase classname="backend.tests.test_wishlists_v77.TestWishlistSharing" name="test_regenerate_share_token" time="0.208" /><testcase classname="backend.tests.test_wishlists_v77.TestWishlistSharing" name="test_revoke_share" time="0.241" /><testcase classname="backend.tests.test_wishlists_v77.TestPublicWishlistView" name="test_public_view_no_auth_required" time="0.298" /><testcase classname="backend.tests.test_wishlists_v77.TestPublicWishlistView" name="test_public_view_invalid_token_404" time="0.107" /><testcase classname="backend.tests.test_wishlists_v77.TestWishlistScopeEnforcement" name="test_user_b_cannot_get_user_a_wishlist" time="0.165" /><testcase classname="backend.tests.test_wishlists_v77.TestWishlistScopeEnforcement" name="test_user_b_cannot_update_user_a_wishlist" time="0.147" /><testcase classname="backend.tests.test_wishlists_v77.TestWishlistScopeEnforcement" name="test_user_b_cannot_delete_user_a_wishlist" time="0.197" /><testcase classname="backend.tests.test_wishlists_v77.TestWishlistScopeEnforcement" name="test_user_b_cannot_add_items_to_user_a_wishlist" time="0.208" /></testsuite></testsuites>