<?xml version="1.0" encoding="utf-8"?><testsuites name="pytest tests"><testsuite name="pytest" errors="0" failures="0" skipped="0" tests="17" time="4.919" timestamp="2026-02-09T07:49:48.362918+00:00" hostname="agent-env-da76ec1d-a1c0-417f-844e-643d5d5b52f7"><testcase classname="backend.tests.test_locofast_features.TestAdminAuth" name="test_admin_login_success" time="0.305" /><testcase classname="backend.tests.test_locofast_features.TestAdminAuth" name="test_admin_login_invalid_credentials" time="0.040" /><testcase classname="backend.tests.test_locofast_features.TestAdminAuth" name="test_auth_me_with_valid_token" time="0.314" /><testcase classname="backend.tests.test_locofast_features.TestCategories" name="test_get_categories" time="0.041" /><testcase classname="backend.tests.test_locofast_features.TestSellerCRUD" name="test_create_seller_with_new_fields" time="0.489" /><testcase classname="backend.tests.test_locofast_features.TestSellerCRUD" name="test_update_seller_city_state" time="0.378" /><testcase classname="backend.tests.test_locofast_features.TestSellerCRUD" name="test_seller_category_multi_select" time="0.380" /><testcase classname="backend.tests.test_locofast_features.TestSellerCRUD" name="test_get_sellers_list" time="0.035" /><testcase classname="backend.tests.test_locofast_features.TestFabricCRUD" name="test_create_fabric_with_new_fields" time="0.385" /><testcase classname="backend.tests.test_locofast_features.TestFabricCRUD" name="test_fabric_pattern_options" time="0.567" /><testcase classname="backend.tests.test_locofast_features.TestFabricCRUD" name="test_fabric_composition_percentage_validation" time="0.378" /><testcase classname="backend.tests.test_locofast_features.TestFabricCRUD" name="test_fabric_videos_array" time="0.368" /><testcase classname="backend.tests.test_locofast_features.TestFabricCRUD" name="test_get_fabric_detail_with_new_fields" time="0.404" /><testcase classname="backend.tests.test_locofast_features.TestFabricCRUD" name="test_get_fabrics_list_shows_composition_format" time="0.036" /><testcase classname="backend.tests.test_locofast_features.TestFabricCRUD" name="test_update_fabric_new_fields" time="0.491" /><testcase classname="backend.tests.test_locofast_features.TestLegacyCompositionNormalization" name="test_legacy_composition_normalization" time="0.039" /><testcase classname="backend.tests.test_locofast_features.TestEnquiryEndpoints" name="test_create_enquiry" time="0.081" /></testsuite></testsuites>