<?xml version="1.0" encoding="utf-8"?><testsuites name="pytest tests"><testsuite name="pytest" errors="0" failures="0" skipped="0" tests="30" time="11.551" timestamp="2026-05-07T10:52:45.839277+00:00" hostname="agent-env-43cc635e-1ad9-495e-87cf-b0ef1bb98f98"><testcase classname="tests.test_phase50_features.TestPhase50Backend" name="test_q3_invoice_endpoint_exists" time="0.514" /><testcase classname="tests.test_phase50_features.TestPhase50Backend" name="test_q3_invoice_uuid_is_preferred" time="0.476" /><testcase classname="tests.test_phase50_features.TestPhase50Backend" name="test_q4_email_template_has_invoice_cta" time="0.189" /><testcase classname="tests.test_phase50_features.TestPhase50Backend" name="test_q5_ashish_in_notification_emails" time="0.000" /><testcase classname="tests.test_phase50_features.TestPhase50Backend" name="test_q5_ashish_in_brand_order_delivery_cc" time="0.073" /><testcase classname="tests.test_phase50_features.TestPhase50Backend" name="test_q6_shiprocket_helper_exists" time="0.000" /><testcase classname="tests.test_phase50_features.TestPhase50Backend" name="test_q6_brand_create_order_calls_shiprocket" time="0.000" /><testcase classname="tests.test_phase50_features.TestPhase50Backend" name="test_am_list_admin_users" time="0.383" /><testcase classname="tests.test_phase50_features.TestPhase50Backend" name="test_am_set_flag" time="0.375" /><testcase classname="tests.test_phase50_features.TestPhase50Backend" name="test_am_assign_brands_max_3" time="0.442" /><testcase classname="tests.test_phase50_features.TestPhase50Backend" name="test_am_assign_valid_brand" time="0.409" /><testcase classname="tests.test_phase50_features.TestPhase50Backend" name="test_am_list_account_managers" time="0.442" /><testcase classname="tests.test_phase50_features.TestPhase50Backend" name="test_am_get_brand_account_manager" time="0.425" /><testcase classname="tests.test_phase50_features.TestPhase50Backend" name="test_invoices_create" time="0.411" /><testcase classname="tests.test_phase50_features.TestPhase50Backend" name="test_invoices_list" time="0.427" /><testcase classname="tests.test_phase50_features.TestPhase50Backend" name="test_invoices_duplicate_rejected" time="0.459" /><testcase classname="tests.test_phase50_features.TestPhase50Backend" name="test_credit_notes_create" time="0.392" /><testcase classname="tests.test_phase50_features.TestPhase50Backend" name="test_credit_notes_invalid_reason_rejected" time="0.400" /><testcase classname="tests.test_phase50_features.TestPhase50Backend" name="test_credit_notes_list" time="0.375" /><testcase classname="tests.test_phase50_features.TestPhase50Backend" name="test_debit_notes_create" time="0.389" /><testcase classname="tests.test_phase50_features.TestPhase50Backend" name="test_debit_notes_list" time="0.371" /><testcase classname="tests.test_phase50_features.TestPhase50Backend" name="test_payments_create_with_allocation" time="0.543" /><testcase classname="tests.test_phase50_features.TestPhase50Backend" name="test_payments_allocation_exceeds_balance_rejected" time="0.424" /><testcase classname="tests.test_phase50_features.TestPhase50Backend" name="test_payments_list" time="0.446" /><testcase classname="tests.test_phase50_features.TestPhase50Backend" name="test_unified_financials_admin" time="0.405" /><testcase classname="tests.test_phase50_features.TestPhase50Backend" name="test_unified_financials_brand_side" time="0.422" /><testcase classname="tests.test_phase50_features.TestPhase50Backend" name="test_am_permission_gating" time="1.074" /><testcase classname="tests.test_phase50_features.TestPhase50SeededData" name="test_seeded_invoice_exists" time="0.432" /><testcase classname="tests.test_phase50_features.TestPhase50SeededData" name="test_seeded_credit_note_exists" time="0.368" /><testcase classname="tests.test_phase50_features.TestPhase50SeededData" name="test_outstanding_calculation" time="0.390" /></testsuite></testsuites>