<?xml version="1.0" encoding="utf-8"?><testsuites name="pytest tests"><testsuite name="pytest" errors="0" failures="0" skipped="6" tests="12" time="1.915" timestamp="2026-05-19T07:46:50.007340+00:00" hostname="agent-env-43cc635e-1ad9-495e-87cf-b0ef1bb98f98"><testcase classname="backend.tests.test_mark_goods_ready_nonprov_v72.TestMarkGoodsReadyNonProvisional" name="test_vendor_login_success" time="0.391" /><testcase classname="backend.tests.test_mark_goods_ready_nonprov_v72.TestMarkGoodsReadyNonProvisional" name="test_admin_login_success" time="0.343" /><testcase classname="backend.tests.test_mark_goods_ready_nonprov_v72.TestMarkGoodsReadyNonProvisional" name="test_get_vendor_orders" time="0.110" /><testcase classname="backend.tests.test_mark_goods_ready_nonprov_v72.TestMarkGoodsReadyNonProvisional" name="test_find_confirmed_nonprovisional_order" time="0.000" /><testcase classname="backend.tests.test_mark_goods_ready_nonprov_v72.TestMarkGoodsReadyNonProvisional" name="test_mark_goods_ready_nonprovisional_success" time="0.105"><skipped type="pytest.skip" message="Failed to get vendor profile">/app/backend/tests/test_mark_goods_ready_nonprov_v72.py:132: Failed to get vendor profile</skipped></testcase><testcase classname="backend.tests.test_mark_goods_ready_nonprov_v72.TestMarkGoodsReadyNonProvisional" name="test_mark_goods_ready_payment_pending_rejected" time="0.000"><skipped type="pytest.skip" message="No payment_pending orders available">/app/backend/tests/test_mark_goods_ready_nonprov_v72.py:217: No payment_pending orders available</skipped></testcase><testcase classname="backend.tests.test_mark_goods_ready_nonprov_v72.TestMarkGoodsReadyNonProvisional" name="test_mark_goods_ready_provisional_pending_advance_rejected" time="0.000"><skipped type="pytest.skip" message="No provisional pending_advance orders available">/app/backend/tests/test_mark_goods_ready_nonprov_v72.py:266: No provisional pending_advance orders available</skipped></testcase><testcase classname="backend.tests.test_mark_goods_ready_nonprov_v72.TestMarkGoodsReadyNonProvisional" name="test_mark_goods_ready_vendor_invoice_required" time="0.001"><skipped type="pytest.skip" message="No confirmed/processing non-provisional orders available">/app/backend/tests/test_mark_goods_ready_nonprov_v72.py:315: No confirmed/processing non-provisional orders available</skipped></testcase><testcase classname="backend.tests.test_mark_goods_ready_nonprov_v72.TestMarkGoodsReadyNonProvisional" name="test_mark_goods_ready_admin_can_skip_invoice" time="0.000"><skipped type="pytest.skip" message="No confirmed/processing non-provisional orders available">/app/backend/tests/test_mark_goods_ready_nonprov_v72.py:359: No confirmed/processing non-provisional orders available</skipped></testcase><testcase classname="backend.tests.test_mark_goods_ready_nonprov_v72.TestMarkGoodsReadyNonProvisional" name="test_goods_ready_stamped_banner_order_exists" time="0.000" /><testcase classname="backend.tests.test_mark_goods_ready_nonprov_v72.TestMarkGoodsReadyProvisionalRegression" name="test_provisional_advance_paid_can_mark_ready" time="0.428"><skipped type="pytest.skip" message="No provisional advance_paid orders available">/app/backend/tests/test_mark_goods_ready_nonprov_v72.py:445: No provisional advance_paid orders available</skipped></testcase><testcase classname="backend.tests.test_mark_goods_ready_nonprov_v72.TestInternalEventsGoodsReady" name="test_check_email_logs_for_goods_ready" time="0.469" /></testsuite></testsuites>