<?xml version="1.0" encoding="utf-8"?><testsuites name="pytest tests"><testsuite name="pytest" errors="0" failures="0" skipped="2" tests="11" time="1.955" timestamp="2026-05-19T08:26:21.214827+00:00" hostname="agent-env-43cc635e-1ad9-495e-87cf-b0ef1bb98f98"><testcase classname="backend.tests.test_multivendor_shiprocket_v74.TestMultiVendorShiprocketIdempotency" name="test_admin_login" time="0.388" /><testcase classname="backend.tests.test_multivendor_shiprocket_v74.TestMultiVendorShiprocketIdempotency" name="test_get_multi_vendor_order_with_shiprocket_shipments" time="0.122" /><testcase classname="backend.tests.test_multivendor_shiprocket_v74.TestMultiVendorShiprocketIdempotency" name="test_admin_push_idempotency_on_already_pushed_order" time="0.235" /><testcase classname="backend.tests.test_multivendor_shiprocket_v74.TestMultiVendorShiprocketIdempotency" name="test_admin_push_with_force_allows_repush" time="0.216" /><testcase classname="backend.tests.test_multivendor_shiprocket_v74.TestMultiVendorShiprocketIdempotency" name="test_admin_push_with_seller_ids_filter" time="0.122"><skipped type="pytest.skip" message="No multi-vendor orders found">/app/backend/tests/test_multivendor_shiprocket_v74.py:188: No multi-vendor orders found</skipped></testcase><testcase classname="backend.tests.test_multivendor_shiprocket_v74.TestMultiVendorShiprocketIdempotency" name="test_shiprocket_shipments_structure" time="0.111"><skipped type="pytest.skip" message="No orders with shiprocket_shipments found">/app/backend/tests/test_multivendor_shiprocket_v74.py:234: No orders with shiprocket_shipments found</skipped></testcase><testcase classname="backend.tests.test_multivendor_shiprocket_v74.TestMultiVendorShiprocketIdempotency" name="test_parent_order_has_shiprocket_shipments_after_payment" time="0.116" /><testcase classname="backend.tests.test_multivendor_shiprocket_v74.TestMultiVendorShiprocketIdempotency" name="test_child_orders_have_individual_shiprocket_ids" time="0.121" /><testcase classname="backend.tests.test_multivendor_shiprocket_v74.TestSingleVendorOrderRegression" name="test_single_vendor_order_push" time="0.231" /><testcase classname="backend.tests.test_multivendor_shiprocket_v74.TestFailedShipmentRecording" name="test_failed_shipment_structure" time="0.114" /><testcase classname="backend.tests.test_multivendor_shiprocket_v74.TestProvisionalOrderShiprocketBehavior" name="test_provisional_order_no_shiprocket_on_advance" time="0.114" /></testsuite></testsuites>