<?xml version="1.0" encoding="utf-8"?><testsuites name="pytest tests"><testsuite name="pytest" errors="0" failures="0" skipped="0" tests="11" time="1.676" timestamp="2026-05-15T09:40:01.772830+00:00" hostname="agent-env-43cc635e-1ad9-495e-87cf-b0ef1bb98f98"><testcase classname="backend.tests.test_saved_addresses_v66.TestSavedAddressesEndpoint" name="test_no_auth_header_returns_401" time="0.288" /><testcase classname="backend.tests.test_saved_addresses_v66.TestSavedAddressesEndpoint" name="test_invalid_token_returns_401" time="0.147" /><testcase classname="backend.tests.test_saved_addresses_v66.TestSavedAddressesEndpoint" name="test_customer_with_no_orders_returns_empty_array" time="0.155" /><testcase classname="backend.tests.test_saved_addresses_v66.TestSavedAddressesEndpoint" name="test_customer_with_orders_returns_addresses" time="0.112" /><testcase classname="backend.tests.test_saved_addresses_v66.TestSavedAddressesEndpoint" name="test_response_shape_validation" time="0.154" /><testcase classname="backend.tests.test_saved_addresses_v66.TestSavedAddressesEndpoint" name="test_max_6_addresses_returned" time="0.143" /><testcase classname="backend.tests.test_saved_addresses_v66.TestSavedAddressesEndpoint" name="test_phone_only_customer_lookup" time="0.147" /><testcase classname="backend.tests.test_saved_addresses_v66.TestWhatsAppOTPEndpoints" name="test_send_whatsapp_otp_invalid_phone" time="0.101" /><testcase classname="backend.tests.test_saved_addresses_v66.TestWhatsAppOTPEndpoints" name="test_verify_whatsapp_otp_invalid" time="0.115" /><testcase classname="backend.tests.test_saved_addresses_v66.TestCustomerProfileEndpoints" name="test_profile_no_auth_returns_401" time="0.102" /><testcase classname="backend.tests.test_saved_addresses_v66.TestCustomerProfileEndpoints" name="test_orders_no_auth_returns_401" time="0.137" /></testsuite></testsuites>