<?xml version="1.0" encoding="utf-8"?><testsuites name="pytest tests"><testsuite name="pytest" errors="0" failures="0" skipped="5" tests="10" time="2.394" timestamp="2026-05-19T07:31:31.403393+00:00" hostname="agent-env-43cc635e-1ad9-495e-87cf-b0ef1bb98f98"><testcase classname="tests.test_admin_cancel_v71.TestAdminCancelOrder" name="test_cancel_order_with_stock_out_reason" time="0.979" /><testcase classname="tests.test_admin_cancel_v71.TestAdminCancelOrder" name="test_cancel_order_with_other_reason_and_notes" time="0.508" /><testcase classname="tests.test_admin_cancel_v71.TestAdminCancelOrder" name="test_cancel_order_with_customer_request_reason" time="0.053"><skipped type="pytest.skip" message="No cancellable orders found for testing">/app/backend/tests/test_admin_cancel_v71.py:149: No cancellable orders found for testing</skipped></testcase><testcase classname="tests.test_admin_cancel_v71.TestAdminCancelOrder" name="test_cancel_order_invalid_reason_rejected" time="0.055"><skipped type="pytest.skip" message="No cancellable orders found">/app/backend/tests/test_admin_cancel_v71.py:183: No cancellable orders found</skipped></testcase><testcase classname="tests.test_admin_cancel_v71.TestAdminCancelOrder" name="test_cancel_order_other_reason_accepts_empty_notes" time="0.051"><skipped type="pytest.skip" message="No cancellable orders found">/app/backend/tests/test_admin_cancel_v71.py:210: No cancellable orders found</skipped></testcase><testcase classname="tests.test_admin_cancel_v71.TestCancelEmailAudit" name="test_cancel_creates_email_logs" time="0.472" /><testcase classname="tests.test_admin_cancel_v71.TestCreditRefundOnCancel" name="test_credit_refund_on_cancel" time="0.053"><skipped type="pytest.skip" message="No credit-paid cancellable orders found">/app/backend/tests/test_admin_cancel_v71.py:321: No credit-paid cancellable orders found</skipped></testcase><testcase classname="tests.test_admin_cancel_v71.TestOrderStatusTabs" name="test_list_orders_returns_status_counts" time="0.060" /><testcase classname="tests.test_admin_cancel_v71.TestOrderStatusTabs" name="test_order_stats_endpoint" time="0.048" /><testcase classname="tests.test_admin_cancel_v71.TestCancelAPIContract" name="test_cancel_api_accepts_reason_and_notes" time="0.046"><skipped type="pytest.skip" message="No cancellable orders">/app/backend/tests/test_admin_cancel_v71.py:431: No cancellable orders</skipped></testcase></testsuite></testsuites>