<?xml version="1.0" encoding="utf-8"?><testsuites name="pytest tests"><testsuite name="pytest" errors="0" failures="0" skipped="0" tests="9" time="2.281" timestamp="2026-05-19T07:47:35.615145+00:00" hostname="agent-env-43cc635e-1ad9-495e-87cf-b0ef1bb98f98"><testcase classname="backend.tests.test_mark_goods_ready_endpoint_v72.TestMarkGoodsReadyEndpoint" name="test_admin_login_success" time="0.469" /><testcase classname="backend.tests.test_mark_goods_ready_endpoint_v72.TestMarkGoodsReadyEndpoint" name="test_vendor_login_success" time="0.381" /><testcase classname="backend.tests.test_mark_goods_ready_endpoint_v72.TestMarkGoodsReadyEndpoint" name="test_cancelled_order_rejected" time="0.255" /><testcase classname="backend.tests.test_mark_goods_ready_endpoint_v72.TestMarkGoodsReadyEndpoint" name="test_delivered_order_rejected" time="0.104" /><testcase classname="backend.tests.test_mark_goods_ready_endpoint_v72.TestMarkGoodsReadyEndpoint" name="test_goods_ready_order_can_be_remarked" time="0.328" /><testcase classname="backend.tests.test_mark_goods_ready_endpoint_v72.TestMarkGoodsReadyEndpoint" name="test_nonprovisional_no_balance_recompute" time="0.001" /><testcase classname="backend.tests.test_mark_goods_ready_endpoint_v72.TestMarkGoodsReadyEndpoint" name="test_vendor_cannot_mark_other_vendor_items" time="0.109" /><testcase classname="backend.tests.test_mark_goods_ready_endpoint_v72.TestMarkGoodsReadyEndpoint" name="test_internal_goods_ready_event_logged" time="0.120" /><testcase classname="backend.tests.test_mark_goods_ready_endpoint_v72.TestOrderStatusBreakdown" name="test_order_status_distribution" time="0.452" /></testsuite></testsuites>