<?xml version="1.0" encoding="utf-8"?><testsuites name="pytest tests"><testsuite name="pytest" errors="0" failures="0" skipped="0" tests="16" time="11.282" timestamp="2026-02-17T13:56:47.736727+00:00" hostname="agent-env-eed38f66-94f3-4701-9968-21198fecf06d"><testcase classname="backend.tests.test_seo_endpoints.TestSEOEndpointsHealth" name="test_get_fabric_seo_success" time="0.162" /><testcase classname="backend.tests.test_seo_endpoints.TestSEOEndpointsHealth" name="test_get_fabric_seo_nonexistent_fabric" time="0.151" /><testcase classname="backend.tests.test_seo_endpoints.TestSEOEndpointsHealth" name="test_get_seo_preview_success" time="0.103" /><testcase classname="backend.tests.test_seo_endpoints.TestSEOEndpointsHealth" name="test_get_seo_preview_nonexistent" time="0.123" /><testcase classname="backend.tests.test_seo_endpoints.TestSEOEndpointsHealth" name="test_get_related_fabrics_success" time="0.128" /><testcase classname="backend.tests.test_seo_endpoints.TestSEOEndpointsHealth" name="test_get_related_fabrics_nonexistent" time="0.127" /><testcase classname="backend.tests.test_seo_endpoints.TestSEOContentGeneration" name="test_generate_fabric_seo" time="8.989" /><testcase classname="backend.tests.test_seo_endpoints.TestSEOContentGeneration" name="test_generate_fabric_seo_nonexistent" time="0.135" /><testcase classname="backend.tests.test_seo_endpoints.TestSEOContentGeneration" name="test_regenerate_seo_block_h1" time="0.117" /><testcase classname="backend.tests.test_seo_endpoints.TestSEOContentGeneration" name="test_regenerate_seo_block_meta_title" time="0.122" /><testcase classname="backend.tests.test_seo_endpoints.TestSEOContentGeneration" name="test_regenerate_seo_block_invalid" time="0.126" /><testcase classname="backend.tests.test_seo_endpoints.TestSEOContentUpdate" name="test_update_fabric_seo" time="0.389" /><testcase classname="backend.tests.test_seo_endpoints.TestSEOContentUpdate" name="test_update_fabric_seo_nonexistent" time="0.122" /><testcase classname="backend.tests.test_seo_endpoints.TestSEODataValidation" name="test_seo_content_quality" time="0.118" /><testcase classname="backend.tests.test_seo_endpoints.TestSEODataValidation" name="test_bulk_details_structure" time="0.118" /><testcase classname="backend.tests.test_seo_endpoints.TestBatchOperations" name="test_batch_generate_slugs" time="0.201" /></testsuite></testsuites>