<?xml version="1.0" encoding="utf-8"?><testsuites name="pytest tests"><testsuite name="pytest" errors="0" failures="0" skipped="0" tests="11" time="1.574" timestamp="2026-02-20T11:07:03.829147+00:00" hostname="agent-env-45798d99-12c1-4c27-b8a3-3d275e152f90"><testcase classname="tests.test_availability_vendor.TestAvailabilityFilters" name="test_instant_bookable_filter" time="0.153" /><testcase classname="tests.test_availability_vendor.TestAvailabilityFilters" name="test_instant_bookable_count" time="0.162" /><testcase classname="tests.test_availability_vendor.TestAvailabilityFilters" name="test_sample_available_filter" time="0.152" /><testcase classname="tests.test_availability_vendor.TestAvailabilityFilters" name="test_bulk_available_filter" time="0.166" /><testcase classname="tests.test_availability_vendor.TestAvailabilityFilters" name="test_enquiry_only_filter" time="0.130" /><testcase classname="tests.test_availability_vendor.TestAvailabilityFilters" name="test_enquiry_only_count" time="0.126" /><testcase classname="tests.test_availability_vendor.TestVendorAuth" name="test_vendor_login_invalid_credentials" time="0.179" /><testcase classname="tests.test_availability_vendor.TestVendorAuth" name="test_vendor_login_missing_fields" time="0.116" /><testcase classname="tests.test_availability_vendor.TestVendorAuth" name="test_vendor_me_without_auth" time="0.107" /><testcase classname="tests.test_availability_vendor.TestVendorAuth" name="test_vendor_fabrics_without_auth" time="0.103" /><testcase classname="tests.test_availability_vendor.TestCheckoutGST" name="test_fabric_for_checkout_exists" time="0.109" /></testsuite></testsuites>