<?xml version="1.0" encoding="utf-8"?><testsuites name="pytest tests"><testsuite name="pytest" errors="0" failures="0" skipped="0" tests="8" time="3.397" timestamp="2026-05-08T08:20:29.796731+00:00" hostname="agent-env-43cc635e-1ad9-495e-87cf-b0ef1bb98f98"><testcase classname="backend.tests.test_vendor_sku_link_v56.TestVendorSKULinkFeatures" name="test_01_get_denim_fabric_for_testing" time="1.106" /><testcase classname="backend.tests.test_vendor_sku_link_v56.TestVendorSKULinkFeatures" name="test_02_post_rfq_submit_with_prefill_fabric_id" time="0.345" /><testcase classname="backend.tests.test_vendor_sku_link_v56.TestVendorSKULinkFeatures" name="test_03_patch_rfq_with_prefill_fabric_id" time="0.384" /><testcase classname="backend.tests.test_vendor_sku_link_v56.TestVendorSKULinkFeatures" name="test_04_vendor_rfqs_list_returns_linked_fabric_fields" time="0.272" /><testcase classname="backend.tests.test_vendor_sku_link_v56.TestVendorSKULinkFeatures" name="test_05_vendor_rfq_detail_returns_linked_fabric_fields" time="0.281" /><testcase classname="backend.tests.test_vendor_sku_link_v56.TestVendorSKULinkFeatures" name="test_06_vendor_orders_returns_fabric_code" time="0.240" /><testcase classname="backend.tests.test_vendor_sku_link_v56.TestVendorSKULinkFeatures" name="test_07_rfq_without_prefill_has_no_linked_fabric" time="0.374" /><testcase classname="backend.tests.test_vendor_sku_link_v56.TestVendorSKULinkFeatures" name="test_08_rfq_with_invalid_fabric_id_still_creates" time="0.329" /></testsuite></testsuites>