<?xml version="1.0" encoding="utf-8"?><testsuites name="pytest tests"><testsuite name="pytest" errors="0" failures="0" skipped="0" tests="14" time="14.106" timestamp="2026-05-05T11:49:40.398279+00:00" hostname="agent-env-43cc635e-1ad9-495e-87cf-b0ef1bb98f98"><testcase classname="tests.test_customer_profile_gst.TestCustomerProfileValidation" name="test_profile_rejects_missing_name" time="1.087" /><testcase classname="tests.test_customer_profile_gst.TestCustomerProfileValidation" name="test_profile_rejects_missing_phone" time="0.146" /><testcase classname="tests.test_customer_profile_gst.TestCustomerProfileValidation" name="test_profile_rejects_missing_gstin" time="0.111" /><testcase classname="tests.test_customer_profile_gst.TestCustomerProfileValidation" name="test_profile_rejects_all_missing" time="0.111" /><testcase classname="tests.test_customer_profile_gst.TestCustomerProfileValidation" name="test_profile_rejects_short_phone" time="0.126" /><testcase classname="tests.test_customer_profile_gst.TestCustomerProfileValidation" name="test_profile_rejects_invalid_gstin_length" time="0.158" /><testcase classname="tests.test_customer_profile_gst.TestGSTVerification" name="test_profile_calls_sandbox_api_for_valid_format_gstin" time="1.569" /><testcase classname="tests.test_customer_profile_gst.TestGSTVerification" name="test_profile_rejects_gstin_with_empty_company" time="2.089" /><testcase classname="tests.test_customer_profile_gst.TestPublicGSTVerifyEndpoint" name="test_public_gst_verify_endpoint_works" time="2.056" /><testcase classname="tests.test_customer_profile_gst.TestPublicGSTVerifyEndpoint" name="test_public_gst_verify_rejects_invalid_length" time="0.117" /><testcase classname="tests.test_customer_profile_gst.TestGetProfile" name="test_get_profile_returns_customer_data" time="0.117" /><testcase classname="tests.test_customer_profile_gst.TestEdgeCases" name="test_phone_with_country_code_accepted" time="2.030" /><testcase classname="tests.test_customer_profile_gst.TestEdgeCases" name="test_gstin_lowercase_converted_to_uppercase" time="2.156" /><testcase classname="tests.test_customer_profile_gst.TestEdgeCases" name="test_whitespace_trimmed_from_fields" time="2.074" /></testsuite></testsuites>