<?xml version="1.0" encoding="utf-8"?><testsuites name="pytest tests"><testsuite name="pytest" errors="0" failures="0" skipped="0" tests="22" time="5.550" timestamp="2026-05-07T11:44:02.522400+00:00" hostname="agent-env-43cc635e-1ad9-495e-87cf-b0ef1bb98f98"><testcase classname="backend.tests.test_phase52_features.TestCloudinarySignatureEndpoint" name="test_signature_with_admin_token_image" time="0.525" /><testcase classname="backend.tests.test_phase52_features.TestCloudinarySignatureEndpoint" name="test_signature_with_admin_token_raw" time="0.102" /><testcase classname="backend.tests.test_phase52_features.TestCloudinarySignatureEndpoint" name="test_signature_with_admin_token_auto" time="0.128" /><testcase classname="backend.tests.test_phase52_features.TestCloudinarySignatureEndpoint" name="test_signature_with_admin_token_video" time="0.120" /><testcase classname="backend.tests.test_phase52_features.TestCloudinarySignatureEndpoint" name="test_signature_with_brand_token" time="0.506" /><testcase classname="backend.tests.test_phase52_features.TestCloudinarySignatureEndpoint" name="test_signature_without_token_fails" time="0.131" /><testcase classname="backend.tests.test_phase52_features.TestCreditApplicationWithSupportingDoc" name="test_credit_application_with_supporting_doc" time="0.472" /><testcase classname="backend.tests.test_phase52_features.TestCreditApplicationWithSupportingDoc" name="test_credit_application_without_supporting_doc" time="0.121" /><testcase classname="backend.tests.test_phase52_features.TestAMPermissionViaParent" name="test_am_can_access_factory_invoices_via_parent" time="0.615" /><testcase classname="backend.tests.test_phase52_features.TestAMPermissionViaParent" name="test_am_can_access_factory_financials_via_parent" time="0.121" /><testcase classname="backend.tests.test_phase52_features.TestAMPermissionViaParent" name="test_am_can_create_factory_invoice_via_parent" time="0.116" /><testcase classname="backend.tests.test_phase52_features.TestGroupedAMPicker" name="test_account_managers_returns_factories_nested" time="0.474" /><testcase classname="backend.tests.test_phase52_features.TestGroupedAMPicker" name="test_account_managers_capacity_remaining" time="0.115" /><testcase classname="backend.tests.test_phase52_features.TestAddressBookAtCheckout" name="test_brand_addresses_endpoint" time="0.458" /><testcase classname="backend.tests.test_phase52_features.TestAddressBookAtCheckout" name="test_brand_addresses_include_factory_addresses" time="0.134" /><testcase classname="backend.tests.test_phase52_features.TestAddressBookAtCheckout" name="test_add_new_address" time="0.103" /><testcase classname="backend.tests.test_phase52_features.TestFileUploadFolders" name="test_invoice_folder" time="0.511" /><testcase classname="backend.tests.test_phase52_features.TestFileUploadFolders" name="test_eway_folder" time="0.211" /><testcase classname="backend.tests.test_phase52_features.TestFileUploadFolders" name="test_cn_folder" time="0.140" /><testcase classname="backend.tests.test_phase52_features.TestFileUploadFolders" name="test_dn_folder" time="0.125" /><testcase classname="backend.tests.test_phase52_features.TestFileUploadFolders" name="test_payments_folder" time="0.105" /><testcase classname="backend.tests.test_phase52_features.TestFileUploadFolders" name="test_credit_applications_folder" time="0.132" /></testsuite></testsuites>