<?xml version="1.0" encoding="utf-8"?><testsuites name="pytest tests"><testsuite name="pytest" errors="0" failures="0" skipped="0" tests="16" time="3.175" timestamp="2026-05-07T11:24:13.984809+00:00" hostname="agent-env-43cc635e-1ad9-495e-87cf-b0ef1bb98f98"><testcase classname="tests.test_phase51_features.TestAdminBrandsWithFactories" name="test_list_brands_includes_factories" time="0.600" /><testcase classname="tests.test_phase51_features.TestAMFactoryMapping" name="test_list_account_managers_shows_factory_type" time="0.119" /><testcase classname="tests.test_phase51_features.TestAMFactoryMapping" name="test_get_factory_id_for_assignment" time="0.135" /><testcase classname="tests.test_phase51_features.TestInvoiceEwayBillFields" name="test_create_invoice_with_eway_bill" time="0.127" /><testcase classname="tests.test_phase51_features.TestInvoiceEwayBillFields" name="test_list_invoices_includes_eway_fields" time="0.124" /><testcase classname="tests.test_phase51_features.TestInvoiceEwayBillFields" name="test_financials_includes_eway_in_invoices" time="0.104" /><testcase classname="tests.test_phase51_features.TestBrandOrdersWithInvoice" name="test_brand_orders_have_invoice_field" time="0.477" /><testcase classname="tests.test_phase51_features.TestAdminOrdersLinkedInvoice" name="test_admin_orders_have_linked_invoice" time="0.124" /><testcase classname="tests.test_phase51_features.TestBrandFactoryCreditSummaries" name="test_factory_credit_summaries_endpoint" time="0.125" /><testcase classname="tests.test_phase51_features.TestCreditApplication" name="test_apply_for_credit_own_brand" time="0.112" /><testcase classname="tests.test_phase51_features.TestCreditApplication" name="test_apply_for_credit_factory" time="0.256" /><testcase classname="tests.test_phase51_features.TestCreditApplication" name="test_apply_for_credit_unrelated_factory_403" time="0.104" /><testcase classname="tests.test_phase51_features.TestBrandAddressesWithFactory" name="test_addresses_include_factory_sourced" time="0.127" /><testcase classname="tests.test_phase51_features.TestAMPermissionBoundary" name="test_am_permission_check_concept" time="0.119" /><testcase classname="tests.test_phase51_features.TestCreditApplicationEmailLog" name="test_email_log_created" time="0.117" /><testcase classname="tests.test_phase51_features.TestUpdateInvoiceEwayBill" name="test_update_invoice_add_eway_bill" time="0.323" /></testsuite></testsuites>