<?xml version="1.0" encoding="utf-8"?><testsuites name="pytest tests"><testsuite name="pytest" errors="0" failures="2" skipped="0" tests="9" time="9.142" timestamp="2026-05-15T06:32:39.980243+00:00" hostname="agent-env-43cc635e-1ad9-495e-87cf-b0ef1bb98f98"><testcase classname="tests.test_rfq_auth_gate_v65.TestWhatsAppOTPEndpoints" name="test_send_whatsapp_otp_success" time="0.197"><failure message="AssertionError: Expected 200, got 502: The preview environment is not responding. It may be starting up.&#10;  &#10;assert 502 == 200&#10; +  where 502 = &lt;Response [502]&gt;.status_code">tests/test_rfq_auth_gate_v65.py:28: in test_send_whatsapp_otp_success
    assert response.status_code == 200, f"Expected 200, got {response.status_code}: {response.text}"
E   AssertionError: Expected 200, got 502: The preview environment is not responding. It may be starting up.
E     
E   assert 502 == 200
E    +  where 502 = &lt;Response [502]&gt;.status_code</failure></testcase><testcase classname="tests.test_rfq_auth_gate_v65.TestWhatsAppOTPEndpoints" name="test_send_whatsapp_otp_invalid_phone" time="0.140"><failure message="AssertionError: Expected 400, got 502&#10;assert 502 == 400&#10; +  where 502 = &lt;Response [502]&gt;.status_code">tests/test_rfq_auth_gate_v65.py:44: in test_send_whatsapp_otp_invalid_phone
    assert response.status_code == 400, f"Expected 400, got {response.status_code}"
E   AssertionError: Expected 400, got 502
E   assert 502 == 400
E    +  where 502 = &lt;Response [502]&gt;.status_code</failure></testcase><testcase classname="tests.test_rfq_auth_gate_v65.TestWhatsAppOTPEndpoints" name="test_verify_whatsapp_otp_invalid" time="0.164" /><testcase classname="tests.test_rfq_auth_gate_v65.TestFullOTPFlow" name="test_full_otp_flow" time="1.248" /><testcase classname="tests.test_rfq_auth_gate_v65.TestFullOTPFlow" name="test_profile_update_with_gst" time="3.328" /><testcase classname="tests.test_rfq_auth_gate_v65.TestProfileValidation" name="test_profile_update_missing_name" time="1.716" /><testcase classname="tests.test_rfq_auth_gate_v65.TestProfileValidation" name="test_profile_update_invalid_gstin" time="1.540" /><testcase classname="tests.test_rfq_auth_gate_v65.TestRegressionEndpoints" name="test_fabrics_endpoint" time="0.397" /><testcase classname="tests.test_rfq_auth_gate_v65.TestRegressionEndpoints" name="test_customer_profile_unauthorized" time="0.132" /></testsuite></testsuites>