<?xml version="1.0" encoding="utf-8"?><testsuites name="pytest tests"><testsuite name="pytest" errors="0" failures="0" skipped="2" tests="16" time="4.227" timestamp="2026-05-14T12:17:58.915516+00:00" hostname="agent-env-43cc635e-1ad9-495e-87cf-b0ef1bb98f98"><testcase classname="tests.test_credit_ledger_v64.TestDisbursementsCSVUpload" name="test_upload_disbursements_csv_success" time="0.423" /><testcase classname="tests.test_credit_ledger_v64.TestDisbursementsCSVUpload" name="test_upload_disbursements_idempotency" time="0.547" /><testcase classname="tests.test_credit_ledger_v64.TestDisbursementsCSVUpload" name="test_upload_non_csv_rejected" time="0.139" /><testcase classname="tests.test_credit_ledger_v64.TestPaymentsCSVUpload" name="test_upload_payments_csv_success" time="0.135" /><testcase classname="tests.test_credit_ledger_v64.TestPaymentsCSVUpload" name="test_payment_triggers_disbursement_recompute" time="0.156" /><testcase classname="tests.test_credit_ledger_v64.TestByGstinEndpoint" name="test_by_gstin_valid" time="0.119" /><testcase classname="tests.test_credit_ledger_v64.TestByGstinEndpoint" name="test_by_gstin_invalid_length" time="0.141" /><testcase classname="tests.test_credit_ledger_v64.TestOTPGate" name="test_send_otp_non_admin_rejected" time="0.112" /><testcase classname="tests.test_credit_ledger_v64.TestOTPGate" name="test_send_otp_admin_success" time="0.386" /><testcase classname="tests.test_credit_ledger_v64.TestOTPGate" name="test_send_otp_rate_limit" time="1.098" /><testcase classname="tests.test_credit_ledger_v64.TestAdjustmentPost" name="test_post_adjustment_no_token" time="0.134" /><testcase classname="tests.test_credit_ledger_v64.TestAdjustmentPost" name="test_post_adjustment_invalid_token" time="0.137" /><testcase classname="tests.test_credit_ledger_v64.TestFullAdjustmentFlow" name="test_full_adjustment_flow" time="0.194"><skipped type="pytest.skip" message="Rate limited - skipping full flow test">/app/backend/tests/test_credit_ledger_v64.py:272: Rate limited - skipping full flow test</skipped></testcase><testcase classname="tests.test_credit_ledger_v64.TestFullAdjustmentFlow" name="test_adjustment_idempotency" time="0.113"><skipped type="pytest.skip" message="Rate limited">/app/backend/tests/test_credit_ledger_v64.py:331: Rate limited</skipped></testcase><testcase classname="tests.test_credit_ledger_v64.TestRazorpayAutoRecord" name="test_record_razorpay_payment_direct" time="0.192" /><testcase classname="tests.test_credit_ledger_v64.TestLegacyWalletFallback" name="test_legacy_wallet_fallback" time="0.116" /></testsuite></testsuites>