<?xml version="1.0" encoding="utf-8"?><testsuites name="pytest tests"><testsuite name="pytest" errors="0" failures="0" skipped="0" tests="14" time="6.702" timestamp="2026-05-12T11:17:24.224349+00:00" hostname="agent-env-43cc635e-1ad9-495e-87cf-b0ef1bb98f98"><testcase classname="tests.test_credit_gst_upsert_v59.TestCreditWalletLookup" name="test_lookup_invalid_gstin_length" time="0.511" /><testcase classname="tests.test_credit_gst_upsert_v59.TestCreditWalletLookup" name="test_lookup_nonexistent_gstin" time="0.446" /><testcase classname="tests.test_credit_gst_upsert_v59.TestCreditWalletLookup" name="test_lookup_existing_gstin" time="0.597" /><testcase classname="tests.test_credit_gst_upsert_v59.TestCreditWalletUpsert" name="test_upsert_requires_password" time="0.435" /><testcase classname="tests.test_credit_gst_upsert_v59.TestCreditWalletUpsert" name="test_upsert_validates_gstin_length" time="0.497" /><testcase classname="tests.test_credit_gst_upsert_v59.TestCreditWalletUpsert" name="test_upsert_validates_credit_limit" time="0.464" /><testcase classname="tests.test_credit_gst_upsert_v59.TestCreditWalletUpsert" name="test_upsert_create_new_wallet" time="0.654" /><testcase classname="tests.test_credit_gst_upsert_v59.TestCreditWalletUpsert" name="test_upsert_replace_mode" time="0.542" /><testcase classname="tests.test_credit_gst_upsert_v59.TestCreditWalletUpsert" name="test_upsert_topup_mode" time="0.561" /><testcase classname="tests.test_credit_gst_upsert_v59.TestCreditWalletUpsert" name="test_upsert_credit_period_defaults" time="0.444" /><testcase classname="tests.test_credit_gst_upsert_v59.TestCreditOpsAdminLogin" name="test_new_email_login_works" time="0.346" /><testcase classname="tests.test_credit_gst_upsert_v59.TestCreditOpsAdminLogin" name="test_old_email_login_fails" time="0.119" /><testcase classname="tests.test_credit_gst_upsert_v59.TestCreditBalanceEndpoint" name="test_credit_balance_by_gst" time="0.571" /><testcase classname="tests.test_credit_gst_upsert_v59.TestWalletListEndpoint" name="test_list_wallets" time="0.453" /></testsuite></testsuites>