<?xml version="1.0" encoding="utf-8"?><testsuites name="pytest tests"><testsuite name="pytest" errors="0" failures="0" skipped="0" tests="24" time="3.042" timestamp="2026-04-15T07:44:29.137291+00:00" hostname="agent-env-43cc635e-1ad9-495e-87cf-b0ef1bb98f98"><testcase classname="backend.tests.test_seo_prerender.TestIndexHtmlRobotsMeta" name="test_index_html_has_index_follow_meta" time="0.271" /><testcase classname="backend.tests.test_seo_prerender.TestIndexHtmlRobotsMeta" name="test_index_html_has_static_meta_title" time="0.156" /><testcase classname="backend.tests.test_seo_prerender.TestIndexHtmlRobotsMeta" name="test_index_html_has_static_meta_description" time="0.108" /><testcase classname="backend.tests.test_seo_prerender.TestDynamicSitemap" name="test_sitemap_returns_valid_xml" time="0.128" /><testcase classname="backend.tests.test_seo_prerender.TestDynamicSitemap" name="test_sitemap_contains_required_static_pages" time="0.120" /><testcase classname="backend.tests.test_seo_prerender.TestDynamicSitemap" name="test_sitemap_has_proper_url_structure" time="0.125" /><testcase classname="backend.tests.test_seo_prerender.TestPrerenderHomepage" name="test_prerender_homepage_returns_html" time="0.200" /><testcase classname="backend.tests.test_seo_prerender.TestPrerenderHomepage" name="test_prerender_homepage_has_title_and_meta" time="0.106" /><testcase classname="backend.tests.test_seo_prerender.TestPrerenderHomepage" name="test_prerender_homepage_has_structured_data" time="0.105" /><testcase classname="backend.tests.test_seo_prerender.TestPrerenderHomepage" name="test_prerender_homepage_has_content_sections" time="0.106" /><testcase classname="backend.tests.test_seo_prerender.TestPrerenderFabrics" name="test_prerender_fabrics_returns_html" time="0.110" /><testcase classname="backend.tests.test_seo_prerender.TestPrerenderFabrics" name="test_prerender_fabrics_has_catalog_structure" time="0.130" /><testcase classname="backend.tests.test_seo_prerender.TestPrerenderCollections" name="test_prerender_collections_returns_html" time="0.110" /><testcase classname="backend.tests.test_seo_prerender.TestPrerenderCollections" name="test_prerender_collections_has_proper_meta" time="0.105" /><testcase classname="backend.tests.test_seo_prerender.TestPrerenderBotCheck" name="test_bot_check_with_googlebot_user_agent" time="0.105" /><testcase classname="backend.tests.test_seo_prerender.TestPrerenderBotCheck" name="test_bot_check_with_normal_user_agent" time="0.103" /><testcase classname="backend.tests.test_seo_prerender.TestPrerenderBotCheck" name="test_bot_check_with_bingbot_user_agent" time="0.101" /><testcase classname="backend.tests.test_seo_prerender.TestPrerenderBotCheck" name="test_bot_check_returns_path_info" time="0.107" /><testcase classname="backend.tests.test_seo_prerender.TestRobotsTxt" name="test_robots_txt_accessible" time="0.096" /><testcase classname="backend.tests.test_seo_prerender.TestRobotsTxt" name="test_robots_txt_allows_sitemap" time="0.105" /><testcase classname="backend.tests.test_seo_prerender.TestRobotsTxt" name="test_robots_txt_allows_prerender" time="0.114" /><testcase classname="backend.tests.test_seo_prerender.TestRobotsTxt" name="test_robots_txt_blocks_admin" time="0.115" /><testcase classname="backend.tests.test_seo_prerender.TestRobotsTxt" name="test_robots_txt_blocks_vendor" time="0.106" /><testcase classname="backend.tests.test_seo_prerender.TestRobotsTxt" name="test_robots_txt_has_sitemap_reference" time="0.115" /></testsuite></testsuites>