<?xml version="1.0" encoding="utf-8"?><testsuites name="pytest tests"><testsuite name="pytest" errors="0" failures="7" skipped="2" tests="38" time="8.435" timestamp="2026-04-28T08:15:12.712096+00:00" hostname="agent-env-43cc635e-1ad9-495e-87cf-b0ef1bb98f98"><testcase classname="backend.tests.test_regression_v38.TestAdminModule" name="test_admin_login" time="0.527" /><testcase classname="backend.tests.test_regression_v38.TestAdminModule" name="test_get_categories" time="0.511" /><testcase classname="backend.tests.test_regression_v38.TestAdminModule" name="test_get_admin_brands" time="0.141" /><testcase classname="backend.tests.test_regression_v38.TestAdminModule" name="test_get_admin_sellers" time="0.099"><failure message="assert 404 == 200&#10; +  where 404 = &lt;Response [404]&gt;.status_code">backend/tests/test_regression_v38.py:152: in test_get_admin_sellers
    assert resp.status_code == 200
E   assert 404 == 200
E    +  where 404 = &lt;Response [404]&gt;.status_code</failure></testcase><testcase classname="backend.tests.test_regression_v38.TestAdminModule" name="test_fabric_create_requires_dispatch_timeline" time="0.283"><failure message="AssertionError: Should reject missing dispatch_timeline: {&quot;detail&quot;:[{&quot;type&quot;:&quot;missing&quot;,&quot;loc&quot;:[&quot;body&quot;,&quot;color&quot;],&quot;msg&quot;:&quot;Field required&quot;,&quot;input&quot;:{&quot;name&quot;:&quot;TEST_Fabric_No_Dispatch&quot;,&quot;category_id&quot;:&quot;cat-cotton&quot;,&quot;fabric_type&quot;:&quot;woven&quot;,&quot;width&quot;:&quot;58 inches&quot;,&quot;moq&quot;:&quot;500&quot;,&quot;description&quot;:&quot;Test fabric&quot;,&quot;stock_type&quot;:&quot;ready_stock&quot;},&quot;url&quot;:&quot;https://errors.pydantic.dev/2.12/v/missing&quot;}]}&#10;assert 422 == 400&#10; +  where 422 = &lt;Response [422]&gt;.status_code">backend/tests/test_regression_v38.py:176: in test_fabric_create_requires_dispatch_timeline
    assert resp.status_code == 400, f"Should reject missing dispatch_timeline: {resp.text}"
E   AssertionError: Should reject missing dispatch_timeline: {"detail":[{"type":"missing","loc":["body","color"],"msg":"Field required","input":{"name":"TEST_Fabric_No_Dispatch","category_id":"cat-cotton","fabric_type":"woven","width":"58 inches","moq":"500","description":"Test fabric","stock_type":"ready_stock"},"url":"https://errors.pydantic.dev/2.12/v/missing"}]}
E   assert 422 == 400
E    +  where 422 = &lt;Response [422]&gt;.status_code</failure></testcase><testcase classname="backend.tests.test_regression_v38.TestAdminModule" name="test_fabric_create_validates_dispatch_preset" time="0.234"><failure message="AssertionError: Should reject invalid dispatch: {&quot;detail&quot;:[{&quot;type&quot;:&quot;missing&quot;,&quot;loc&quot;:[&quot;body&quot;,&quot;color&quot;],&quot;msg&quot;:&quot;Field required&quot;,&quot;input&quot;:{&quot;name&quot;:&quot;TEST_Fabric_Invalid_Dispatch&quot;,&quot;category_id&quot;:&quot;cat-cotton&quot;,&quot;fabric_type&quot;:&quot;woven&quot;,&quot;width&quot;:&quot;58 inches&quot;,&quot;moq&quot;:&quot;500&quot;,&quot;description&quot;:&quot;Test fabric&quot;,&quot;stock_type&quot;:&quot;ready_stock&quot;,&quot;dispatch_timeline&quot;:&quot;99 days&quot;},&quot;url&quot;:&quot;https://errors.pydantic.dev/2.12/v/missing&quot;}]}&#10;assert 422 == 400&#10; +  where 422 = &lt;Response [422]&gt;.status_code">backend/tests/test_regression_v38.py:198: in test_fabric_create_validates_dispatch_preset
    assert resp.status_code == 400, f"Should reject invalid dispatch: {resp.text}"
E   AssertionError: Should reject invalid dispatch: {"detail":[{"type":"missing","loc":["body","color"],"msg":"Field required","input":{"name":"TEST_Fabric_Invalid_Dispatch","category_id":"cat-cotton","fabric_type":"woven","width":"58 inches","moq":"500","description":"Test fabric","stock_type":"ready_stock","dispatch_timeline":"99 days"},"url":"https://errors.pydantic.dev/2.12/v/missing"}]}
E   assert 422 == 400
E    +  where 422 = &lt;Response [422]&gt;.status_code</failure></testcase><testcase classname="backend.tests.test_regression_v38.TestAdminModule" name="test_fabric_create_validates_mto_dispatch_mismatch" time="0.256"><failure message="AssertionError: Should reject MTO with ready_stock dispatch: {&quot;detail&quot;:[{&quot;type&quot;:&quot;missing&quot;,&quot;loc&quot;:[&quot;body&quot;,&quot;color&quot;],&quot;msg&quot;:&quot;Field required&quot;,&quot;input&quot;:{&quot;name&quot;:&quot;TEST_Fabric_MTO_Mismatch&quot;,&quot;category_id&quot;:&quot;cat-cotton&quot;,&quot;fabric_type&quot;:&quot;woven&quot;,&quot;width&quot;:&quot;58 inches&quot;,&quot;moq&quot;:&quot;500&quot;,&quot;description&quot;:&quot;Test fabric&quot;,&quot;stock_type&quot;:&quot;made_to_order&quot;,&quot;dispatch_timeline&quot;:&quot;3-5 days&quot;},&quot;url&quot;:&quot;https://errors.pydantic.dev/2.12/v/missing&quot;}]}&#10;assert 422 == 400&#10; +  where 422 = &lt;Response [422]&gt;.status_code">backend/tests/test_regression_v38.py:219: in test_fabric_create_validates_mto_dispatch_mismatch
    assert resp.status_code == 400, f"Should reject MTO with ready_stock dispatch: {resp.text}"
E   AssertionError: Should reject MTO with ready_stock dispatch: {"detail":[{"type":"missing","loc":["body","color"],"msg":"Field required","input":{"name":"TEST_Fabric_MTO_Mismatch","category_id":"cat-cotton","fabric_type":"woven","width":"58 inches","moq":"500","description":"Test fabric","stock_type":"made_to_order","dispatch_timeline":"3-5 days"},"url":"https://errors.pydantic.dev/2.12/v/missing"}]}
E   assert 422 == 400
E    +  where 422 = &lt;Response [422]&gt;.status_code</failure></testcase><testcase classname="backend.tests.test_regression_v38.TestAdminModule" name="test_fabric_create_valid_dispatch" time="0.210"><failure message="AssertionError: Should accept valid dispatch: {&quot;detail&quot;:[{&quot;type&quot;:&quot;missing&quot;,&quot;loc&quot;:[&quot;body&quot;,&quot;color&quot;],&quot;msg&quot;:&quot;Field required&quot;,&quot;input&quot;:{&quot;name&quot;:&quot;TEST_Fabric_Valid_Dispatch&quot;,&quot;category_id&quot;:&quot;cat-cotton&quot;,&quot;fabric_type&quot;:&quot;woven&quot;,&quot;width&quot;:&quot;58 inches&quot;,&quot;moq&quot;:&quot;500&quot;,&quot;description&quot;:&quot;Test fabric&quot;,&quot;stock_type&quot;:&quot;ready_stock&quot;,&quot;dispatch_timeline&quot;:&quot;3-5 days&quot;},&quot;url&quot;:&quot;https://errors.pydantic.dev/2.12/v/missing&quot;}]}&#10;assert 422 == 200&#10; +  where 422 = &lt;Response [422]&gt;.status_code">backend/tests/test_regression_v38.py:239: in test_fabric_create_valid_dispatch
    assert resp.status_code == 200, f"Should accept valid dispatch: {resp.text}"
E   AssertionError: Should accept valid dispatch: {"detail":[{"type":"missing","loc":["body","color"],"msg":"Field required","input":{"name":"TEST_Fabric_Valid_Dispatch","category_id":"cat-cotton","fabric_type":"woven","width":"58 inches","moq":"500","description":"Test fabric","stock_type":"ready_stock","dispatch_timeline":"3-5 days"},"url":"https://errors.pydantic.dev/2.12/v/missing"}]}
E   assert 422 == 200
E    +  where 422 = &lt;Response [422]&gt;.status_code</failure></testcase><testcase classname="backend.tests.test_regression_v38.TestAdminModule" name="test_backfill_dispatch_timeline_preview" time="0.111" /><testcase classname="backend.tests.test_regression_v38.TestAdminModule" name="test_admin_brand_detail" time="0.106" /><testcase classname="backend.tests.test_regression_v38.TestVendorModule" name="test_vendor_login" time="0.322" /><testcase classname="backend.tests.test_regression_v38.TestVendorModule" name="test_vendor_fabrics_list" time="0.439" /><testcase classname="backend.tests.test_regression_v38.TestVendorModule" name="test_vendor_fabric_create_requires_dispatch" time="0.225" /><testcase classname="backend.tests.test_regression_v38.TestVendorModule" name="test_vendor_fabric_create_valid_dispatch" time="0.316" /><testcase classname="backend.tests.test_regression_v38.TestVendorModule" name="test_vendor_fabric_mto_dispatch_validation" time="0.197" /><testcase classname="backend.tests.test_regression_v38.TestAgentModule" name="test_agent_otp_send" time="0.348" /><testcase classname="backend.tests.test_regression_v38.TestAgentModule" name="test_agent_me" time="0.649"><skipped type="pytest.skip" message="Agent OTP verify failed: 400 - {&quot;detail&quot;:&quot;Invalid or expired OTP&quot;}">/app/backend/tests/test_regression_v38.py:375: Agent OTP verify failed: 400 - {"detail":"Invalid or expired OTP"}</skipped></testcase><testcase classname="backend.tests.test_regression_v38.TestAgentModule" name="test_agent_shared_carts" time="0.000"><skipped type="pytest.skip" message="Agent OTP verify failed: 400 - {&quot;detail&quot;:&quot;Invalid or expired OTP&quot;}">/app/backend/tests/test_regression_v38.py:384: Agent OTP verify failed: 400 - {"detail":"Invalid or expired OTP"}</skipped></testcase><testcase classname="backend.tests.test_regression_v38.TestB2CModule" name="test_fabrics_listing" time="0.145" /><testcase classname="backend.tests.test_regression_v38.TestB2CModule" name="test_fabric_detail" time="0.251" /><testcase classname="backend.tests.test_regression_v38.TestB2CModule" name="test_invalid_fabric_returns_404" time="0.106" /><testcase classname="backend.tests.test_regression_v38.TestBrandModule" name="test_brand_login" time="0.342" /><testcase classname="backend.tests.test_regression_v38.TestBrandModule" name="test_brand_fabrics_filtered" time="0.487" /><testcase classname="backend.tests.test_regression_v38.TestBrandModule" name="test_brand_credit_summary" time="0.104" /><testcase classname="backend.tests.test_regression_v38.TestBrandModule" name="test_razorpay_create_requires_bulk" time="0.103" /><testcase classname="backend.tests.test_regression_v38.TestBrandModule" name="test_brand_order_razorpay_missing_fields" time="0.247"><failure message="assert ('razorpay' in '{&quot;detail&quot;:&quot;test vendor fabric - pending approval: qty 100 below moq 500&quot;}' or 'missing' in '{&quot;detail&quot;:&quot;test vendor fabric - pending approval: qty 100 below moq 500&quot;}')&#10; +  where '{&quot;detail&quot;:&quot;test vendor fabric - pending approval: qty 100 below moq 500&quot;}' = &lt;built-in method lower of str object at 0xfcd927416130&gt;()&#10; +    where &lt;built-in method lower of str object at 0xfcd927416130&gt; = '{&quot;detail&quot;:&quot;Test Vendor Fabric - Pending Approval: qty 100 below MOQ 500&quot;}'.lower&#10; +      where '{&quot;detail&quot;:&quot;Test Vendor Fabric - Pending Approval: qty 100 below MOQ 500&quot;}' = &lt;Response [400]&gt;.text&#10; +  and   '{&quot;detail&quot;:&quot;test vendor fabric - pending approval: qty 100 below moq 500&quot;}' = &lt;built-in method lower of str object at 0xfcd927320930&gt;()&#10; +    where &lt;built-in method lower of str object at 0xfcd927320930&gt; = '{&quot;detail&quot;:&quot;Test Vendor Fabric - Pending Approval: qty 100 below MOQ 500&quot;}'.lower&#10; +      where '{&quot;detail&quot;:&quot;Test Vendor Fabric - Pending Approval: qty 100 below MOQ 500&quot;}' = &lt;Response [400]&gt;.text">backend/tests/test_regression_v38.py:492: in test_brand_order_razorpay_missing_fields
    assert "razorpay" in resp.text.lower() or "missing" in resp.text.lower()
E   assert ('razorpay' in '{"detail":"test vendor fabric - pending approval: qty 100 below moq 500"}' or 'missing' in '{"detail":"test vendor fabric - pending approval: qty 100 below moq 500"}')
E    +  where '{"detail":"test vendor fabric - pending approval: qty 100 below moq 500"}' = &lt;built-in method lower of str object at 0xfcd927416130&gt;()
E    +    where &lt;built-in method lower of str object at 0xfcd927416130&gt; = '{"detail":"Test Vendor Fabric - Pending Approval: qty 100 below MOQ 500"}'.lower
E    +      where '{"detail":"Test Vendor Fabric - Pending Approval: qty 100 below MOQ 500"}' = &lt;Response [400]&gt;.text
E    +  and   '{"detail":"test vendor fabric - pending approval: qty 100 below moq 500"}' = &lt;built-in method lower of str object at 0xfcd927320930&gt;()
E    +    where &lt;built-in method lower of str object at 0xfcd927320930&gt; = '{"detail":"Test Vendor Fabric - Pending Approval: qty 100 below MOQ 500"}'.lower
E    +      where '{"detail":"Test Vendor Fabric - Pending Approval: qty 100 below MOQ 500"}' = &lt;Response [400]&gt;.text</failure></testcase><testcase classname="backend.tests.test_regression_v38.TestBrandModule" name="test_brand_order_razorpay_invalid_signature" time="0.252" /><testcase classname="backend.tests.test_regression_v38.TestBrandModule" name="test_factory_handoffs_list" time="0.112" /><testcase classname="backend.tests.test_regression_v38.TestBrandModule" name="test_brand_factories_list" time="0.109" /><testcase classname="backend.tests.test_regression_v38.TestSearchFeatures" name="test_search_by_category_name" time="0.108" /><testcase classname="backend.tests.test_regression_v38.TestSearchFeatures" name="test_search_by_fabric_type" time="0.108" /><testcase classname="backend.tests.test_regression_v38.TestSearchFeatures" name="test_search_by_pattern" time="0.106" /><testcase classname="backend.tests.test_regression_v38.TestPerformance" name="test_fabrics_response_time" time="0.108" /><testcase classname="backend.tests.test_regression_v38.TestPerformance" name="test_factory_handoffs_response_time" time="0.107" /><testcase classname="backend.tests.test_regression_v38.TestCrossCutting" name="test_upload_requires_auth" time="0.098" /><testcase classname="backend.tests.test_regression_v38.TestCrossCutting" name="test_cloudinary_upload_requires_auth" time="0.102"><failure message="AssertionError: Cloudinary upload should require auth: 404&#10;assert 404 in [401, 403, 422]&#10; +  where 404 = &lt;Response [404]&gt;.status_code">backend/tests/test_regression_v38.py:602: in test_cloudinary_upload_requires_auth
    assert resp.status_code in [401, 403, 422], f"Cloudinary upload should require auth: {resp.status_code}"
E   AssertionError: Cloudinary upload should require auth: 404
E   assert 404 in [401, 403, 422]
E    +  where 404 = &lt;Response [404]&gt;.status_code</failure></testcase><testcase classname="backend.tests.test_regression_v38.TestCrossCutting" name="test_filter_options" time="0.108" /><testcase classname="backend.tests.test_regression_v38.TestFactoryHandoffs" name="test_handoff_accept_twice_returns_400" time="0.110" /></testsuite></testsuites>