<?xml version="1.0" encoding="utf-8"?><testsuites name="pytest tests"><testsuite name="pytest" errors="0" failures="0" skipped="0" tests="12" time="2.754" timestamp="2026-04-17T09:29:01.503803+00:00" hostname="agent-env-43cc635e-1ad9-495e-87cf-b0ef1bb98f98"><testcase classname="tests.test_v27_features.TestFilterOptions" name="test_filter_options_returns_compositions" time="0.191" /><testcase classname="tests.test_v27_features.TestCompositionFilter" name="test_fabrics_with_composition_filter" time="0.217" /><testcase classname="tests.test_v27_features.TestCategoriesForDenim" name="test_denim_category_exists" time="0.112" /><testcase classname="tests.test_v27_features.TestAgentPaymentProof" name="test_upload_payment_proof_requires_auth" time="0.109" /><testcase classname="tests.test_v27_features.TestAgentPaymentProof" name="test_shared_cart_accepts_payment_proof_url" time="0.344" /><testcase classname="tests.test_v27_features.TestFabricsEndpoint" name="test_fabrics_endpoint_works" time="0.110" /><testcase classname="tests.test_v27_features.TestFabricsEndpoint" name="test_fabrics_count_endpoint" time="0.119" /><testcase classname="tests.test_v27_features.TestFabricsEndpoint" name="test_fabrics_with_weight_oz_filter" time="0.102" /><testcase classname="tests.test_v27_features.TestAdminEndpoints" name="test_admin_login" time="0.321" /><testcase classname="tests.test_v27_features.TestAdminEndpoints" name="test_admin_agents_list" time="0.434" /><testcase classname="tests.test_v27_features.TestAdminEndpoints" name="test_admin_orders_list" time="0.438" /><testcase classname="tests.test_v27_features.TestCheckoutEndpoints" name="test_checkout_calculate_endpoint" time="0.199" /></testsuite></testsuites>