<?xml version="1.0" encoding="utf-8"?><testsuites name="pytest tests"><testsuite name="pytest" errors="0" failures="0" skipped="0" tests="28" time="23.534" timestamp="2026-02-17T11:24:21.020860+00:00" hostname="agent-env-da73e4a6-a283-435b-8ccf-e7acccbef716"><testcase classname="backend.tests.test_tools_apis.TestToolsListAPI" name="test_get_tools_list" time="0.288" /><testcase classname="backend.tests.test_tools_apis.TestGSTCalculator" name="test_gst_exclusive_calculation" time="0.123" /><testcase classname="backend.tests.test_tools_apis.TestGSTCalculator" name="test_gst_inclusive_calculation" time="0.102" /><testcase classname="backend.tests.test_tools_apis.TestGSTCalculator" name="test_gst_different_rates" time="0.517" /><testcase classname="backend.tests.test_tools_apis.TestProfitMarginCalculator" name="test_calculate_from_selling_price" time="0.104" /><testcase classname="backend.tests.test_tools_apis.TestProfitMarginCalculator" name="test_calculate_from_desired_margin" time="0.158" /><testcase classname="backend.tests.test_tools_apis.TestProfitMarginCalculator" name="test_missing_parameters_error" time="0.101" /><testcase classname="backend.tests.test_tools_apis.TestDiscountCalculator" name="test_calculate_with_discount_percentage" time="0.101" /><testcase classname="backend.tests.test_tools_apis.TestDiscountCalculator" name="test_calculate_with_discount_amount" time="0.095" /><testcase classname="backend.tests.test_tools_apis.TestDiscountCalculator" name="test_calculate_with_final_price" time="0.098" /><testcase classname="backend.tests.test_tools_apis.TestDiscountCalculator" name="test_missing_discount_parameter_error" time="0.136" /><testcase classname="backend.tests.test_tools_apis.TestGSMCalculator" name="test_calculate_gsm_from_dimensions" time="0.113" /><testcase classname="backend.tests.test_tools_apis.TestGSMCalculator" name="test_convert_ounce_to_gsm" time="0.102" /><testcase classname="backend.tests.test_tools_apis.TestGSMCalculator" name="test_zero_area_error" time="0.115" /><testcase classname="backend.tests.test_tools_apis.TestCBMCalculator" name="test_single_unit_cbm" time="0.129" /><testcase classname="backend.tests.test_tools_apis.TestCBMCalculator" name="test_multiple_units_cbm" time="0.099" /><testcase classname="backend.tests.test_tools_apis.TestVolumetricWeightCalculator" name="test_volumetric_weight_default_divisor" time="0.109" /><testcase classname="backend.tests.test_tools_apis.TestVolumetricWeightCalculator" name="test_volumetric_weight_custom_divisor" time="0.102" /><testcase classname="backend.tests.test_tools_apis.TestBarcodeGenerator" name="test_code128_barcode" time="0.151" /><testcase classname="backend.tests.test_tools_apis.TestBarcodeGenerator" name="test_ean13_validation" time="0.207" /><testcase classname="backend.tests.test_tools_apis.TestBarcodeGenerator" name="test_upc_validation" time="0.283" /><testcase classname="backend.tests.test_tools_apis.TestBarcodeGenerator" name="test_unsupported_barcode_type" time="0.262" /><testcase classname="backend.tests.test_tools_apis.TestProductDescriptionGenerator" name="test_generate_description" time="6.903" /><testcase classname="backend.tests.test_tools_apis.TestProductDescriptionGenerator" name="test_description_minimal_input" time="7.929" /><testcase classname="backend.tests.test_tools_apis.TestProductTitleGenerator" name="test_generate_titles" time="2.302" /><testcase classname="backend.tests.test_tools_apis.TestProductTitleGenerator" name="test_title_minimal_input" time="2.496" /><testcase classname="backend.tests.test_tools_apis.TestFabricWeightConverter" name="test_gsm_to_oz_sqyd" time="0.148" /><testcase classname="backend.tests.test_tools_apis.TestFabricWeightConverter" name="test_oz_sqyd_to_gsm" time="0.119" /></testsuite></testsuites>