<?xml version="1.0" encoding="utf-8"?><testsuites name="pytest tests"><testsuite name="pytest" errors="0" failures="0" skipped="0" tests="11" time="6.089" timestamp="2026-04-06T12:56:16.482608+00:00" hostname="agent-env-bb15b51e-920d-4091-839f-f88b3447b882"><testcase classname="backend.tests.test_gst_rfq.TestGSTVerification" name="test_gst_verify_valid_gstin" time="2.282" /><testcase classname="backend.tests.test_gst_rfq.TestGSTVerification" name="test_gst_verify_invalid_gstin" time="1.512" /><testcase classname="backend.tests.test_gst_rfq.TestGSTVerification" name="test_gst_verify_short_gstin" time="0.106" /><testcase classname="backend.tests.test_gst_rfq.TestRFQLead" name="test_rfq_lead_create_success" time="0.411" /><testcase classname="backend.tests.test_gst_rfq.TestRFQLead" name="test_rfq_lead_missing_required_fields" time="0.098" /><testcase classname="backend.tests.test_gst_rfq.TestRFQLead" name="test_rfq_lead_minimal_data" time="0.331" /><testcase classname="backend.tests.test_gst_rfq.TestRegressionEndpoints" name="test_get_fabrics" time="0.129" /><testcase classname="backend.tests.test_gst_rfq.TestRegressionEndpoints" name="test_get_sellers" time="0.098" /><testcase classname="backend.tests.test_gst_rfq.TestAuthentication" name="test_admin_login" time="0.327" /><testcase classname="backend.tests.test_gst_rfq.TestAuthentication" name="test_vendor_login" time="0.403" /><testcase classname="backend.tests.test_gst_rfq.TestAuthentication" name="test_admin_login_invalid_credentials" time="0.325" /></testsuite></testsuites>