<?xml version="1.0" encoding="utf-8"?><testsuites name="pytest tests"><testsuite name="pytest" errors="0" failures="0" skipped="1" tests="38" time="6.954" timestamp="2026-04-18T12:14:00.149616+00:00" hostname="agent-env-43cc635e-1ad9-495e-87cf-b0ef1bb98f98"><testcase classname="backend.tests.test_refactor_session_v31.TestFabricListing" name="test_fabrics_default_listing" time="0.237" /><testcase classname="backend.tests.test_refactor_session_v31.TestFabricListing" name="test_fabrics_pagination" time="0.110" /><testcase classname="backend.tests.test_refactor_session_v31.TestFabricListing" name="test_fabrics_filter_category" time="0.130" /><testcase classname="backend.tests.test_refactor_session_v31.TestFabricListing" name="test_fabrics_filter_search" time="0.108" /><testcase classname="backend.tests.test_refactor_session_v31.TestFabricListing" name="test_fabrics_filter_price_range" time="0.119" /><testcase classname="backend.tests.test_refactor_session_v31.TestFabricListing" name="test_fabrics_filter_gsm_range" time="0.155" /><testcase classname="backend.tests.test_refactor_session_v31.TestFabricListing" name="test_fabrics_filter_composition" time="0.111" /><testcase classname="backend.tests.test_refactor_session_v31.TestFabricListing" name="test_fabrics_filter_bookable_only" time="0.118" /><testcase classname="backend.tests.test_refactor_session_v31.TestFabricListing" name="test_fabrics_filter_sample_available" time="0.119" /><testcase classname="backend.tests.test_refactor_session_v31.TestFabricListing" name="test_fabrics_filter_enquiry_only" time="0.130" /><testcase classname="backend.tests.test_refactor_session_v31.TestFabricListing" name="test_fabrics_filter_color" time="0.110" /><testcase classname="backend.tests.test_refactor_session_v31.TestFabricListing" name="test_fabrics_filter_weight_oz" time="0.111" /><testcase classname="backend.tests.test_refactor_session_v31.TestFabricCount" name="test_fabrics_count_default" time="0.103" /><testcase classname="backend.tests.test_refactor_session_v31.TestFabricCount" name="test_fabrics_count_matches_listing" time="0.303" /><testcase classname="backend.tests.test_refactor_session_v31.TestFabricFilterOptions" name="test_filter_options_returns_data" time="0.125" /><testcase classname="backend.tests.test_refactor_session_v31.TestFabricLookup" name="test_fabric_lookup_by_id" time="0.209" /><testcase classname="backend.tests.test_refactor_session_v31.TestFabricLookup" name="test_fabric_lookup_by_slug" time="0.225" /><testcase classname="backend.tests.test_refactor_session_v31.TestFabricLookup" name="test_fabric_not_found" time="0.109" /><testcase classname="backend.tests.test_refactor_session_v31.TestFabricOtherSellers" name="test_other_sellers_no_article" time="0.225" /><testcase classname="backend.tests.test_refactor_session_v31.TestFabricOtherSellers" name="test_other_sellers_with_article" time="0.286"><skipped type="pytest.skip" message="No fabrics with article_id">/app/backend/tests/test_refactor_session_v31.py:257: No fabrics with article_id</skipped></testcase><testcase classname="backend.tests.test_refactor_session_v31.TestFabricCRUD" name="test_create_fabric_requires_auth" time="0.103" /><testcase classname="backend.tests.test_refactor_session_v31.TestFabricCRUD" name="test_create_update_delete_fabric" time="0.751" /><testcase classname="backend.tests.test_refactor_session_v31.TestBulkSellerAssignment" name="test_bulk_assign_requires_seller_id" time="0.119" /><testcase classname="backend.tests.test_refactor_session_v31.TestBulkSellerAssignment" name="test_reassign_seller_works" time="0.341" /><testcase classname="backend.tests.test_refactor_session_v31.TestArticleEndpoints" name="test_articles_listing" time="0.106" /><testcase classname="backend.tests.test_refactor_session_v31.TestArticleEndpoints" name="test_article_by_id" time="0.213" /><testcase classname="backend.tests.test_refactor_session_v31.TestArticleEndpoints" name="test_article_variants" time="0.195" /><testcase classname="backend.tests.test_refactor_session_v31.TestArticleEndpoints" name="test_article_crud" time="0.332" /><testcase classname="backend.tests.test_refactor_session_v31.TestEnquiryEndpoints" name="test_create_enquiry_public" time="0.398" /><testcase classname="backend.tests.test_refactor_session_v31.TestEnquiryEndpoints" name="test_get_enquiries_requires_auth" time="0.100" /><testcase classname="backend.tests.test_refactor_session_v31.TestEnquiryEndpoints" name="test_get_enquiries_admin" time="0.106" /><testcase classname="backend.tests.test_refactor_session_v31.TestEnquiryEndpoints" name="test_update_enquiry_status" time="0.199" /><testcase classname="backend.tests.test_refactor_session_v31.TestCategoryEndpoints" name="test_categories_listing" time="0.106" /><testcase classname="backend.tests.test_refactor_session_v31.TestCollectionEndpoints" name="test_collections_listing" time="0.119" /><testcase classname="backend.tests.test_refactor_session_v31.TestCollectionEndpoints" name="test_collection_fabrics_normalized" time="0.211" /><testcase classname="backend.tests.test_refactor_session_v31.TestMigrationEndpoints" name="test_migrate_blended_dry_run" time="0.099" /><testcase classname="backend.tests.test_refactor_session_v31.TestMigrationEndpoints" name="test_migrate_slugs" time="0.101" /><testcase classname="backend.tests.test_refactor_session_v31.TestBookingPrioritySort" name="test_bookable_fabrics_first" time="0.109" /></testsuite></testsuites>