<?xml version="1.0" encoding="utf-8"?><testsuites name="pytest tests"><testsuite name="pytest" errors="0" failures="0" skipped="0" tests="21" time="6.499" timestamp="2026-04-23T13:41:05.615498+00:00" hostname="agent-env-43cc635e-1ad9-495e-87cf-b0ef1bb98f98"><testcase classname="backend.tests.test_refactor_v35.TestAdminAuth" name="test_admin_login_success" time="0.501" /><testcase classname="backend.tests.test_refactor_v35.TestAdminAuth" name="test_admin_login_invalid_credentials" time="0.362" /><testcase classname="backend.tests.test_refactor_v35.TestStatsEndpoint" name="test_stats_returns_numbers" time="0.449" /><testcase classname="backend.tests.test_refactor_v35.TestStatsEndpoint" name="test_stats_requires_auth" time="0.125" /><testcase classname="backend.tests.test_refactor_v35.TestSitemapRouter" name="test_sitemap_returns_xml" time="0.142" /><testcase classname="backend.tests.test_refactor_v35.TestReviewsRouter" name="test_reviews_requires_auth" time="0.115" /><testcase classname="backend.tests.test_refactor_v35.TestReviewsRouter" name="test_reviews_get_with_auth" time="0.462" /><testcase classname="backend.tests.test_refactor_v35.TestMigrationsRouter" name="test_migrate_greige_requires_auth" time="0.108" /><testcase classname="backend.tests.test_refactor_v35.TestMigrationsRouter" name="test_migrate_greige_dry_run" time="0.569" /><testcase classname="backend.tests.test_refactor_v35.TestMigrationsRouter" name="test_migrate_slugs_requires_auth" time="0.125" /><testcase classname="backend.tests.test_refactor_v35.TestUploadRouter" name="test_upload_image_requires_auth" time="0.129" /><testcase classname="backend.tests.test_refactor_v35.TestUploadRouter" name="test_upload_image_with_auth" time="0.479" /><testcase classname="backend.tests.test_refactor_v35.TestUploadRouter" name="test_upload_video_requires_auth" time="0.113" /><testcase classname="backend.tests.test_refactor_v35.TestUploadRouter" name="test_upload_video_with_auth" time="0.468" /><testcase classname="backend.tests.test_refactor_v35.TestCategoriesRegression" name="test_categories_returns_list" time="0.108" /><testcase classname="backend.tests.test_refactor_v35.TestFabricsVendorCount" name="test_fabrics_have_vendor_count" time="0.156" /><testcase classname="backend.tests.test_refactor_v35.TestFabricsDedupeByArticle" name="test_dedupe_without_flag" time="0.148" /><testcase classname="backend.tests.test_refactor_v35.TestFabricsDedupeByArticle" name="test_dedupe_with_flag" time="0.329" /><testcase classname="backend.tests.test_refactor_v35.TestFabricsCountDedupe" name="test_count_without_dedupe" time="0.121" /><testcase classname="backend.tests.test_refactor_v35.TestFabricsCountDedupe" name="test_count_with_dedupe" time="0.235" /><testcase classname="backend.tests.test_refactor_v35.TestDedupeWithTestData" name="test_dedupe_collapses_shared_article_id" time="1.161" /></testsuite></testsuites>