<?xml version="1.0" encoding="utf-8"?><testsuites name="pytest tests"><testsuite name="pytest" errors="0" failures="0" skipped="1" tests="14" time="4.230" timestamp="2026-05-07T17:33:01.875253+00:00" hostname="agent-env-43cc635e-1ad9-495e-87cf-b0ef1bb98f98"><testcase classname="backend.tests.test_rfq_draft_patch_v53.TestRFQDraftCreation" name="test_create_draft_rfq_with_brand_token" time="0.664" /><testcase classname="backend.tests.test_rfq_draft_patch_v53.TestRFQDraftCreation" name="test_anonymous_draft_requires_name" time="0.113" /><testcase classname="backend.tests.test_rfq_draft_patch_v53.TestRFQPatchFlow" name="test_patch_step2_fields" time="0.302" /><testcase classname="backend.tests.test_rfq_draft_patch_v53.TestRFQPatchFlow" name="test_patch_step3_fields" time="0.287" /><testcase classname="backend.tests.test_rfq_draft_patch_v53.TestRFQPatchFlow" name="test_patch_alias_mirroring" time="0.307" /><testcase classname="backend.tests.test_rfq_draft_patch_v53.TestRFQPatchFlow" name="test_patch_composition_rejects_empty_rows" time="0.255" /><testcase classname="backend.tests.test_rfq_draft_patch_v53.TestRFQPatchFlow" name="test_patch_finalize_promotes_draft_to_new" time="0.282" /><testcase classname="backend.tests.test_rfq_draft_patch_v53.TestRFQPatchPermissions" name="test_patch_returns_403_without_auth" time="0.331" /><testcase classname="backend.tests.test_rfq_draft_patch_v53.TestRFQPatchPermissions" name="test_patch_returns_403_for_wrong_user" time="0.597" /><testcase classname="backend.tests.test_rfq_draft_patch_v53.TestRFQPatchPermissions" name="test_patch_returns_404_for_unknown_rfq" time="0.295" /><testcase classname="backend.tests.test_rfq_draft_patch_v53.TestRFQFreezeOnWonQuote" name="test_patch_returns_400_when_quote_won" time="0.125"><skipped type="pytest.skip" message="Admin login failed: 404 {&quot;detail&quot;:&quot;Not Found&quot;}">/app/backend/tests/test_rfq_draft_patch_v53.py:334: Admin login failed: 404 {"detail":"Not Found"}</skipped></testcase><testcase classname="backend.tests.test_rfq_draft_patch_v53.TestFabricPrefillEndpoint" name="test_get_fabric_returns_spec_fields" time="0.258" /><testcase classname="backend.tests.test_rfq_draft_patch_v53.TestRFQListAndGet" name="test_get_rfq_by_id" time="0.225" /><testcase classname="backend.tests.test_rfq_draft_patch_v53.TestRFQListAndGet" name="test_list_rfqs" time="0.133" /></testsuite></testsuites>