<?xml version="1.0" encoding="utf-8"?><testsuites name="pytest tests"><testsuite name="pytest" errors="0" failures="0" skipped="0" tests="10" time="7.770" timestamp="2026-05-19T05:30:42.342876+00:00" hostname="agent-env-43cc635e-1ad9-495e-87cf-b0ef1bb98f98"><testcase classname="tests.test_provisional_orders.TestProvisionalOrdersSetup" name="test_admin_login" time="0.414" /><testcase classname="tests.test_provisional_orders.TestProvisionalOrdersSetup" name="test_vendor_login" time="0.350" /><testcase classname="tests.test_provisional_orders.TestProvisionalOrderEndpoints" name="test_mark_goods_ready_requires_auth" time="0.129" /><testcase classname="tests.test_provisional_orders.TestProvisionalOrderEndpoints" name="test_mark_goods_ready_order_not_found" time="0.444" /><testcase classname="tests.test_provisional_orders.TestProvisionalOrderEndpoints" name="test_mark_goods_ready_vendor_success" time="0.844" /><testcase classname="tests.test_provisional_orders.TestProvisionalOrderEndpoints" name="test_mark_goods_ready_variance_check" time="0.555" /><testcase classname="tests.test_provisional_orders.TestProvisionalOrderEndpoints" name="test_mark_balance_paid_requires_admin" time="0.122" /><testcase classname="tests.test_provisional_orders.TestProvisionalOrderEndpoints" name="test_mark_balance_paid_success" time="1.713" /><testcase classname="tests.test_provisional_orders.TestProvisionalOrderEndpoints" name="test_mark_balance_paid_wrong_state" time="0.121" /><testcase classname="tests.test_provisional_orders.TestEndToEndProvisionalFlow" name="test_full_provisional_flow" time="3.025" /></testsuite></testsuites>