<?xml version="1.0" encoding="utf-8"?><testsuites name="pytest tests"><testsuite name="pytest" errors="0" failures="0" skipped="0" tests="19" time="2.154" timestamp="2026-04-07T07:05:14.848337+00:00" hostname="agent-env-43cc635e-1ad9-495e-87cf-b0ef1bb98f98"><testcase classname="tests.test_order_email_notifications.TestEmailModuleImports" name="test_send_order_notification_emails_importable" time="0.193" /><testcase classname="tests.test_order_email_notifications.TestEmailModuleImports" name="test_order_notification_emails_constant" time="0.000" /><testcase classname="tests.test_order_email_notifications.TestEmailModuleImports" name="test_orders_router_imports_email_function" time="0.000" /><testcase classname="tests.test_order_email_notifications.TestEmailModuleImports" name="test_verify_payment_calls_email_function" time="0.000" /><testcase classname="tests.test_order_email_notifications.TestSupplierEmailTemplate" name="test_supplier_email_does_not_contain_phone" time="0.000" /><testcase classname="tests.test_order_email_notifications.TestSupplierEmailTemplate" name="test_supplier_email_contains_product_urls" time="0.000" /><testcase classname="tests.test_order_email_notifications.TestSupplierEmailTemplate" name="test_supplier_email_shows_order_type_badges" time="0.000" /><testcase classname="tests.test_order_email_notifications.TestSupplierEmailTemplate" name="test_supplier_email_shows_rate_quantity_value" time="0.000" /><testcase classname="tests.test_order_email_notifications.TestSupplierEmailTemplate" name="test_supplier_email_shows_payment_status" time="0.000" /><testcase classname="tests.test_order_email_notifications.TestSupplierEmailTemplate" name="test_supplier_email_shows_dispatch_info" time="0.000" /><testcase classname="tests.test_order_email_notifications.TestAdminEmailTemplate" name="test_admin_email_contains_customer_phone" time="0.000" /><testcase classname="tests.test_order_email_notifications.TestAdminEmailTemplate" name="test_admin_email_contains_all_customer_info" time="0.000" /><testcase classname="tests.test_order_email_notifications.TestAdminEmailTemplate" name="test_admin_email_shows_subtotal_gst_discount_total" time="0.000" /><testcase classname="tests.test_order_email_notifications.TestAdminEmailTemplate" name="test_admin_email_shows_order_items" time="0.000" /><testcase classname="tests.test_order_email_notifications.TestPaymentStatusEndpoint" name="test_payment_status_returns_razorpay_configured" time="0.279" /><testcase classname="tests.test_order_email_notifications.TestOrderCreateEndpoint" name="test_order_create_endpoint_exists" time="1.004" /><testcase classname="tests.test_order_email_notifications.TestOrderCreateEndpoint" name="test_order_create_validates_empty_items" time="0.590" /><testcase classname="tests.test_order_email_notifications.TestEmailTemplateStructure" name="test_supplier_email_has_proper_html_structure" time="0.000" /><testcase classname="tests.test_order_email_notifications.TestEmailTemplateStructure" name="test_admin_email_has_proper_html_structure" time="0.000" /></testsuite></testsuites>