<?xml version="1.0" encoding="utf-8"?><testsuites name="pytest tests"><testsuite name="pytest" errors="0" failures="0" skipped="0" tests="12" time="6.128" timestamp="2026-02-16T12:57:17.719637+00:00" hostname="agent-env-c592d013-5ee8-49b9-a778-94a9bf94a9d2"><testcase classname="backend.tests.test_phase1_features.TestSellerPhase1Features" name="test_create_seller_generates_seller_code" time="0.824" /><testcase classname="backend.tests.test_phase1_features.TestSellerPhase1Features" name="test_seller_is_active_toggle" time="0.582" /><testcase classname="backend.tests.test_phase1_features.TestSellerPhase1Features" name="test_get_sellers_filters_inactive_by_default" time="0.501" /><testcase classname="backend.tests.test_phase1_features.TestArticleCRUD" name="test_create_article_generates_article_code" time="0.244" /><testcase classname="backend.tests.test_phase1_features.TestArticleCRUD" name="test_article_crud_operations" time="0.935" /><testcase classname="backend.tests.test_phase1_features.TestFabricInventoryFields" name="test_create_fabric_with_inventory_fields" time="0.497" /><testcase classname="backend.tests.test_phase1_features.TestFabricInventoryFields" name="test_update_fabric_inventory_fields" time="0.426" /><testcase classname="backend.tests.test_phase1_features.TestFabricDenimFields" name="test_create_fabric_with_denim_fields" time="0.278" /><testcase classname="backend.tests.test_phase1_features.TestFabricArticleLinking" name="test_fabric_article_id_linking" time="0.743" /><testcase classname="backend.tests.test_phase1_features.TestFabricSellerSKU" name="test_fabric_seller_sku" time="0.266" /><testcase classname="backend.tests.test_phase1_features.TestStatsEndpoint" name="test_stats_returns_new_fields" time="0.123" /><testcase classname="backend.tests.test_phase1_features.TestStatsEndpoint" name="test_bookable_fabrics_count_updates" time="0.504" /></testsuite></testsuites>