<?xml version="1.0" encoding="utf-8"?><testsuites name="pytest tests"><testsuite name="pytest" errors="0" failures="0" skipped="0" tests="10" time="1.260" timestamp="2026-04-09T12:58:25.776162+00:00" hostname="agent-env-43cc635e-1ad9-495e-87cf-b0ef1bb98f98"><testcase classname="backend.tests.test_supplier_profile.TestSupplierProfileAPI" name="test_get_pali_mills_profile" time="0.135" /><testcase classname="backend.tests.test_supplier_profile.TestSupplierProfileAPI" name="test_get_test_fabrics_co_profile" time="0.130" /><testcase classname="backend.tests.test_supplier_profile.TestSupplierProfileAPI" name="test_get_supplier_directory" time="0.158" /><testcase classname="backend.tests.test_supplier_profile.TestSupplierProfileAPI" name="test_get_nonexistent_supplier_returns_404" time="0.115" /><testcase classname="backend.tests.test_supplier_profile.TestSupplierProfileAPI" name="test_supplier_profile_has_review_stats" time="0.113" /><testcase classname="backend.tests.test_supplier_profile.TestSupplierProfileAPI" name="test_supplier_profile_has_similar_suppliers" time="0.116" /><testcase classname="backend.tests.test_supplier_profile.TestSupplierProfileAPI" name="test_supplier_profile_seller_fields" time="0.105" /><testcase classname="backend.tests.test_supplier_profile.TestSupplierProfileAPI" name="test_supplier_profile_stats_fields" time="0.109" /><testcase classname="backend.tests.test_supplier_profile.TestSupplierEnquiryAPI" name="test_create_enquiry_success" time="0.105" /><testcase classname="backend.tests.test_supplier_profile.TestSupplierEnquiryAPI" name="test_create_enquiry_minimal_fields" time="0.105" /></testsuite></testsuites>