<?xml version="1.0" encoding="utf-8"?><testsuites name="pytest tests"><testsuite name="pytest" errors="0" failures="0" skipped="0" tests="13" time="3.948" timestamp="2026-03-02T06:16:23.401736+00:00" hostname="agent-env-956f9e2f-3e49-4f32-9e33-7dc2a74b1e31"><testcase classname="backend.tests.test_v2_features.TestAdminAuth" name="test_admin_login" time="0.418" /><testcase classname="backend.tests.test_v2_features.TestEnquirySourceField" name="test_create_enquiry_with_source_rfq_page" time="0.479" /><testcase classname="backend.tests.test_v2_features.TestEnquirySourceField" name="test_create_enquiry_with_source_supplier_signup" time="0.135" /><testcase classname="backend.tests.test_v2_features.TestEnquirySourceField" name="test_create_enquiry_with_source_fabric_detail" time="0.129" /><testcase classname="backend.tests.test_v2_features.TestEnquirySourceField" name="test_create_enquiry_with_source_contact_page" time="0.145" /><testcase classname="backend.tests.test_v2_features.TestEnquirySourceField" name="test_get_enquiries_admin_shows_source" time="0.121" /><testcase classname="backend.tests.test_v2_features.TestOrderTypeField" name="test_list_orders_shows_order_type" time="0.443" /><testcase classname="backend.tests.test_v2_features.TestOrderTypeField" name="test_order_stats_endpoint" time="0.148" /><testcase classname="backend.tests.test_v2_features.TestCloudinaryIntegration" name="test_get_cloudinary_signature" time="0.451" /><testcase classname="backend.tests.test_v2_features.TestCloudinaryIntegration" name="test_get_cloudinary_signature_video" time="0.125" /><testcase classname="backend.tests.test_v2_features.TestCloudinaryIntegration" name="test_get_cloudinary_config" time="0.103" /><testcase classname="backend.tests.test_v2_features.TestCloudinaryIntegration" name="test_cloudinary_signature_without_auth_fails" time="0.099" /><testcase classname="backend.tests.test_v2_features.TestCleanup" name="test_cleanup_test_enquiries" time="1.081" /></testsuite></testsuites>