<?xml version="1.0" encoding="utf-8"?><testsuites name="pytest tests"><testsuite name="pytest" errors="0" failures="0" skipped="0" tests="13" time="8.498" timestamp="2026-04-10T12:49:47.617110+00:00" hostname="agent-env-43cc635e-1ad9-495e-87cf-b0ef1bb98f98"><testcase classname="tests.test_vendor_inventory.TestVendorAuth" name="test_vendor_login_success" time="0.514" /><testcase classname="tests.test_vendor_inventory.TestVendorAuth" name="test_vendor_login_invalid_credentials" time="0.167" /><testcase classname="tests.test_vendor_inventory.TestVendorInventory" name="test_get_vendor_fabrics" time="0.472" /><testcase classname="tests.test_vendor_inventory.TestVendorInventory" name="test_get_vendor_categories" time="0.429" /><testcase classname="tests.test_vendor_inventory.TestVendorInventory" name="test_create_fabric_comprehensive_fields" time="0.647" /><testcase classname="tests.test_vendor_inventory.TestVendorInventory" name="test_create_fabric_minimal_fields" time="0.651" /><testcase classname="tests.test_vendor_inventory.TestVendorInventory" name="test_update_fabric" time="0.827" /><testcase classname="tests.test_vendor_inventory.TestVendorInventory" name="test_delete_fabric" time="0.714" /><testcase classname="tests.test_vendor_inventory.TestVendorInventory" name="test_vendor_stats" time="0.440" /><testcase classname="tests.test_vendor_inventory.TestAdminFabricApproval" name="test_admin_can_see_pending_fabric" time="1.001" /><testcase classname="tests.test_vendor_inventory.TestAdminFabricApproval" name="test_admin_approve_fabric" time="1.107" /><testcase classname="tests.test_vendor_inventory.TestAdminFabricApproval" name="test_admin_reject_fabric" time="0.962" /><testcase classname="tests.test_vendor_inventory.TestCloudinaryVendorAccess" name="test_vendor_can_get_cloudinary_signature" time="0.483" /></testsuite></testsuites>