<?xml version="1.0" encoding="utf-8"?><testsuites name="pytest tests"><testsuite name="pytest" errors="0" failures="0" skipped="0" tests="26" time="12.968" timestamp="2026-05-07T13:47:43.172621+00:00" hostname="agent-env-43cc635e-1ad9-495e-87cf-b0ef1bb98f98"><testcase classname="backend.tests.test_brand_regression_v52.TestBrandAuth" name="test_brand_login_success" time="0.507" /><testcase classname="backend.tests.test_brand_regression_v52.TestBrandAuth" name="test_brand_login_invalid_credentials" time="0.379" /><testcase classname="backend.tests.test_brand_regression_v52.TestBrandAuth" name="test_brand_me_endpoint" time="0.476" /><testcase classname="backend.tests.test_brand_regression_v52.TestBrandAuth" name="test_brand_support_endpoint" time="0.146" /><testcase classname="backend.tests.test_brand_regression_v52.TestBrandCatalog" name="test_list_fabrics" time="0.612" /><testcase classname="backend.tests.test_brand_regression_v52.TestBrandCatalog" name="test_filter_options" time="0.496" /><testcase classname="backend.tests.test_brand_regression_v52.TestBrandCatalog" name="test_fabric_detail" time="0.717" /><testcase classname="backend.tests.test_brand_regression_v52.TestBrandCatalog" name="test_fabric_search" time="0.482" /><testcase classname="backend.tests.test_brand_regression_v52.TestBrandNotifications" name="test_unread_count" time="0.485" /><testcase classname="backend.tests.test_brand_regression_v52.TestBrandNotifications" name="test_list_notifications" time="0.482" /><testcase classname="backend.tests.test_brand_regression_v52.TestBrandNotifications" name="test_mark_all_read" time="0.517" /><testcase classname="backend.tests.test_brand_regression_v52.TestBrandQueries" name="test_list_queries_received" time="0.491" /><testcase classname="backend.tests.test_brand_regression_v52.TestBrandQueries" name="test_list_queries_pending" time="0.479" /><testcase classname="backend.tests.test_brand_regression_v52.TestBrandQueries" name="test_list_queries_closed" time="0.626" /><testcase classname="backend.tests.test_brand_regression_v52.TestBrandCreditSummary" name="test_credit_summary" time="0.495" /><testcase classname="backend.tests.test_brand_regression_v52.TestBrandCreditSummary" name="test_ledger" time="0.491" /><testcase classname="backend.tests.test_brand_regression_v52.TestBrandOrders" name="test_list_orders" time="0.520" /><testcase classname="backend.tests.test_brand_regression_v52.TestBrandAddresses" name="test_list_addresses" time="0.480" /><testcase classname="backend.tests.test_brand_regression_v52.TestBrandUsers" name="test_list_users" time="0.468" /><testcase classname="backend.tests.test_brand_regression_v52.TestBrandUsers" name="test_list_designations" time="0.485" /><testcase classname="backend.tests.test_brand_regression_v52.TestBrandFactories" name="test_list_factories" time="0.534" /><testcase classname="backend.tests.test_brand_regression_v52.TestBrandFactories" name="test_factory_credit_summaries" time="0.511" /><testcase classname="backend.tests.test_brand_regression_v52.TestBrandAllocations" name="test_list_sent_handoffs" time="0.503" /><testcase classname="backend.tests.test_brand_regression_v52.TestBrandFinancials" name="test_financials_view" time="0.507" /><testcase classname="backend.tests.test_brand_regression_v52.TestBrandProfile" name="test_get_profile" time="0.501" /><testcase classname="backend.tests.test_brand_regression_v52.TestRFQSubmission" name="test_rfq_submit_with_brand_token" time="0.487" /></testsuite></testsuites>